{"/home/rory.macgregor/Desktop/Rory/functional-player/lib/get-courses/get-courses.ts": {"path":"/home/rory.macgregor/Desktop/Rory/functional-player/lib/get-courses/get-courses.ts","statementMap":{"0":{"start":{"line":12,"column":30},"end":{"line":12,"column":null}},"1":{"start":{"line":1,"column":34},"end":{"line":1,"column":null}},"2":{"start":{"line":3,"column":47},"end":{"line":3,"column":null}},"3":{"start":{"line":16,"column":2},"end":{"line":36,"column":null}},"4":{"start":{"line":17,"column":19},"end":{"line":17,"column":null}},"5":{"start":{"line":19,"column":22},"end":{"line":22,"column":null}},"6":{"start":{"line":24,"column":25},"end":{"line":24,"column":null}},"7":{"start":{"line":25,"column":26},"end":{"line":28,"column":null}},"8":{"start":{"line":25,"column":79},"end":{"line":28,"column":null}},"9":{"start":{"line":30,"column":4},"end":{"line":30,"column":null}},"10":{"start":{"line":31,"column":4},"end":{"line":31,"column":null}},"11":{"start":{"line":33,"column":4},"end":{"line":33,"column":null}},"12":{"start":{"line":34,"column":18},"end":{"line":34,"column":null}},"13":{"start":{"line":35,"column":4},"end":{"line":35,"column":null}}},"fnMap":{"0":{"name":"(anonymous_0)","decl":{"start":{"line":12,"column":30},"end":{"line":12,"column":null}},"loc":{"start":{"line":12,"column":30},"end":{"line":12,"column":null}}},"1":{"name":"(anonymous_2)","decl":{"start":{"line":25,"column":40},"end":{"line":25,"column":41}},"loc":{"start":{"line":25,"column":79},"end":{"line":28,"column":null}}}},"branchMap":{"0":{"loc":{"start":{"line":14,"column":2},"end":{"line":14,"column":32}},"type":"default-arg","locations":[{"start":{"line":14,"column":30},"end":{"line":14,"column":32}}]},"1":{"loc":{"start":{"line":26,"column":17},"end":{"line":26,"column":52}},"type":"cond-expr","locations":[{"start":{"line":26,"column":32},"end":{"line":26,"column":43}},{"start":{"line":26,"column":43},"end":{"line":26,"column":52}}]},"2":{"loc":{"start":{"line":30,"column":16},"end":{"line":30,"column":58}},"type":"cond-expr","locations":[{"start":{"line":30,"column":31},"end":{"line":30,"column":46}},{"start":{"line":30,"column":46},"end":{"line":30,"column":58}}]}},"s":{"0":4,"1":1,"2":1,"3":4,"4":4,"5":4,"6":3,"7":3,"8":3,"9":3,"10":3,"11":1,"12":1,"13":1},"f":{"0":8,"1":3},"b":{"0":[3],"1":[1,2],"2":[1,2]}}
,"/home/rory.macgregor/Desktop/Rory/functional-player/lib/sanitize-body/sanitize-body.ts": {"path":"/home/rory.macgregor/Desktop/Rory/functional-player/lib/sanitize-body/sanitize-body.ts","statementMap":{"0":{"start":{"line":9,"column":24},"end":{"line":9,"column":37}},"1":{"start":{"line":1,"column":21},"end":{"line":1,"column":null}},"2":{"start":{"line":10,"column":2},"end":{"line":17,"column":3}},"3":{"start":{"line":11,"column":4},"end":{"line":11,"column":68}},"4":{"start":{"line":13,"column":4},"end":{"line":15,"column":null}},"5":{"start":{"line":14,"column":30},"end":{"line":14,"column":null}}},"fnMap":{"0":{"name":"(anonymous_0)","decl":{"start":{"line":9,"column":24},"end":{"line":9,"column":37}},"loc":{"start":{"line":9,"column":24},"end":{"line":9,"column":37}}},"1":{"name":"(anonymous_3)","decl":{"start":{"line":14,"column":6},"end":{"line":14,"column":7}},"loc":{"start":{"line":14,"column":30},"end":{"line":14,"column":null}}}},"branchMap":{"0":{"loc":{"start":{"line":10,"column":2},"end":{"line":17,"column":3}},"type":"if","locations":[{"start":{"line":10,"column":2},"end":{"line":17,"column":3}},{"start":{"line":12,"column":9},"end":{"line":17,"column":3}}]},"1":{"loc":{"start":{"line":10,"column":6},"end":{"line":10,"column":41}},"type":"binary-expr","locations":[{"start":{"line":10,"column":6},"end":{"line":10,"column":15}},{"start":{"line":10,"column":15},"end":{"line":10,"column":41}}]}},"s":{"0":3,"1":1,"2":3,"3":2,"4":1,"5":9},"f":{"0":6,"1":9},"b":{"0":[2,1],"1":[3,2]}}
,"/home/rory.macgregor/Desktop/Rory/functional-player/lib/sync-stipe-and-db/sync-stripe-and-db.ts": {"path":"/home/rory.macgregor/Desktop/Rory/functional-player/lib/sync-stipe-and-db/sync-stripe-and-db.ts","statementMap":{"0":{"start":{"line":73,"column":0},"end":{"line":73,"column":15}},"1":{"start":{"line":1,"column":21},"end":{"line":1,"column":null}},"2":{"start":{"line":5,"column":42},"end":{"line":5,"column":null}},"3":{"start":{"line":9,"column":15},"end":{"line":11,"column":null}},"4":{"start":{"line":29,"column":2},"end":{"line":70,"column":null}},"5":{"start":{"line":35,"column":4},"end":{"line":37,"column":5}},"6":{"start":{"line":36,"column":6},"end":{"line":36,"column":null}},"7":{"start":{"line":39,"column":37},"end":{"line":40,"column":null}},"8":{"start":{"line":43,"column":4},"end":{"line":43,"column":null}},"9":{"start":{"line":50,"column":4},"end":{"line":66,"column":5}},"10":{"start":{"line":51,"column":6},"end":{"line":51,"column":null}},"11":{"start":{"line":54,"column":6},"end":{"line":58,"column":null}},"12":{"start":{"line":61,"column":6},"end":{"line":61,"column":null}},"13":{"start":{"line":62,"column":11},"end":{"line":66,"column":5}},"14":{"start":{"line":63,"column":6},"end":{"line":63,"column":null}},"15":{"start":{"line":65,"column":6},"end":{"line":65,"column":null}},"16":{"start":{"line":69,"column":4},"end":{"line":69,"column":null}},"17":{"start":{"line":73,"column":15},"end":{"line":73,"column":null}}},"fnMap":{"0":{"name":"(anonymous_0)","decl":{"start":{"line":73,"column":0},"end":{"line":73,"column":15}},"loc":{"start":{"line":73,"column":0},"end":{"line":73,"column":15}}},"1":{"name":"syncStripeAndDb","decl":{"start":{"line":20,"column":15},"end":{"line":20,"column":31}},"loc":{"start":{"line":28,"column":3},"end":{"line":71,"column":null}}}},"branchMap":{"0":{"loc":{"start":{"line":35,"column":4},"end":{"line":37,"column":5}},"type":"if","locations":[{"start":{"line":35,"column":4},"end":{"line":37,"column":5}}]},"1":{"loc":{"start":{"line":50,"column":4},"end":{"line":66,"column":5}},"type":"if","locations":[{"start":{"line":50,"column":4},"end":{"line":66,"column":5}},{"start":{"line":62,"column":11},"end":{"line":66,"column":5}}]},"2":{"loc":{"start":{"line":62,"column":11},"end":{"line":66,"column":5}},"type":"if","locations":[{"start":{"line":62,"column":11},"end":{"line":66,"column":5}}]}},"s":{"0":4,"1":43,"2":43,"3":43,"4":4,"5":4,"6":1,"7":3,"8":2,"9":2,"10":1,"11":1,"12":1,"13":1,"14":1,"15":1,"16":1,"17":43},"f":{"0":4,"1":4},"b":{"0":[1],"1":[1,1],"2":[1]}}
,"/home/rory.macgregor/Desktop/Rory/functional-player/lib/verify-sessions/verify-sessions.ts": {"path":"/home/rory.macgregor/Desktop/Rory/functional-player/lib/verify-sessions/verify-sessions.ts","statementMap":{"0":{"start":{"line":14,"column":24},"end":{"line":14,"column":39}},"1":{"start":{"line":1,"column":25},"end":{"line":1,"column":null}},"2":{"start":{"line":15,"column":16},"end":{"line":15,"column":null}},"3":{"start":{"line":16,"column":2},"end":{"line":21,"column":null}},"4":{"start":{"line":18,"column":6},"end":{"line":20,"column":68}}},"fnMap":{"0":{"name":"(anonymous_0)","decl":{"start":{"line":14,"column":24},"end":{"line":14,"column":39}},"loc":{"start":{"line":14,"column":24},"end":{"line":14,"column":39}}},"1":{"name":"(anonymous_2)","decl":{"start":{"line":17,"column":4},"end":{"line":17,"column":5}},"loc":{"start":{"line":18,"column":6},"end":{"line":20,"column":68}}}},"branchMap":{"0":{"loc":{"start":{"line":18,"column":6},"end":{"line":20,"column":68}},"type":"cond-expr","locations":[{"start":{"line":19,"column":10},"end":{"line":19,"column":null}},{"start":{"line":20,"column":10},"end":{"line":20,"column":68}}]}},"s":{"0":4,"1":1,"2":4,"3":4,"4":9},"f":{"0":8,"1":9},"b":{"0":[4,5]}}
,"/home/rory.macgregor/Desktop/Rory/functional-player/src/components/attention.component.tsx": {"path":"/home/rory.macgregor/Desktop/Rory/functional-player/src/components/attention.component.tsx","statementMap":{"0":{"start":{"line":21,"column":0},"end":{"line":21,"column":15}},"1":{"start":{"line":21,"column":15},"end":{"line":21,"column":null}}},"fnMap":{"0":{"name":"(anonymous_0)","decl":{"start":{"line":21,"column":0},"end":{"line":21,"column":15}},"loc":{"start":{"line":21,"column":0},"end":{"line":21,"column":15}}}},"branchMap":{},"s":{"0":33,"1":30},"f":{"0":33},"b":{}}
,"/home/rory.macgregor/Desktop/Rory/functional-player/src/components/footer.component.tsx": {"path":"/home/rory.macgregor/Desktop/Rory/functional-player/src/components/footer.component.tsx","statementMap":{"0":{"start":{"line":46,"column":0},"end":{"line":46,"column":15}},"1":{"start":{"line":3,"column":48},"end":{"line":3,"column":null}},"2":{"start":{"line":5,"column":33},"end":{"line":5,"column":null}},"3":{"start":{"line":7,"column":29},"end":{"line":7,"column":null}},"4":{"start":{"line":9,"column":26},"end":{"line":9,"column":38}},"5":{"start":{"line":14,"column":19},"end":{"line":44,"column":null}},"6":{"start":{"line":15,"column":19},"end":{"line":15,"column":null}},"7":{"start":{"line":16,"column":19},"end":{"line":16,"column":null}},"8":{"start":{"line":46,"column":15},"end":{"line":46,"column":null}}},"fnMap":{"0":{"name":"(anonymous_0)","decl":{"start":{"line":46,"column":0},"end":{"line":46,"column":15}},"loc":{"start":{"line":46,"column":0},"end":{"line":46,"column":15}}},"1":{"name":"(anonymous_1)","decl":{"start":{"line":14,"column":19},"end":{"line":14,"column":39}},"loc":{"start":{"line":14,"column":39},"end":{"line":44,"column":null}}}},"branchMap":{"0":{"loc":{"start":{"line":21,"column":21},"end":{"line":21,"column":48}},"type":"cond-expr","locations":[{"start":{"line":21,"column":32},"end":{"line":21,"column":43}},{"start":{"line":21,"column":43},"end":{"line":21,"column":48}}]},"1":{"loc":{"start":{"line":22,"column":18},"end":{"line":22,"column":50}},"type":"cond-expr","locations":[{"start":{"line":22,"column":29},"end":{"line":22,"column":40}},{"start":{"line":22,"column":40},"end":{"line":22,"column":50}}]},"2":{"loc":{"start":{"line":30,"column":7},"end":{"line":30,"column":29}},"type":"cond-expr","locations":[{"start":{"line":30,"column":19},"end":{"line":30,"column":25}},{"start":{"line":30,"column":25},"end":{"line":30,"column":29}}]},"3":{"loc":{"start":{"line":36,"column":7},"end":{"line":36,"column":29}},"type":"cond-expr","locations":[{"start":{"line":36,"column":19},"end":{"line":36,"column":25}},{"start":{"line":36,"column":25},"end":{"line":36,"column":29}}]}},"s":{"0":8,"1":30,"2":30,"3":30,"4":30,"5":30,"6":8,"7":8,"8":30},"f":{"0":8,"1":8},"b":{"0":[0,8],"1":[0,8],"2":[8,0],"3":[8,0]}}
,"/home/rory.macgregor/Desktop/Rory/functional-player/src/components/header-image.component.tsx": {"path":"/home/rory.macgregor/Desktop/Rory/functional-player/src/components/header-image.component.tsx","statementMap":{"0":{"start":{"line":244,"column":0},"end":{"line":244,"column":15}},"1":{"start":{"line":3,"column":22},"end":{"line":3,"column":null}},"2":{"start":{"line":5,"column":48},"end":{"line":5,"column":null}},"3":{"start":{"line":7,"column":27},"end":{"line":7,"column":null}},"4":{"start":{"line":9,"column":23},"end":{"line":9,"column":null}},"5":{"start":{"line":13,"column":37},"end":{"line":23,"column":null}},"6":{"start":{"line":93,"column":12},"end":{"line":93,"column":null}},"7":{"start":{"line":180,"column":12},"end":{"line":180,"column":null}},"8":{"start":{"line":211,"column":42},"end":{"line":242,"column":null}},"9":{"start":{"line":212,"column":24},"end":{"line":212,"column":null}},"10":{"start":{"line":214,"column":19},"end":{"line":214,"column":null}},"11":{"start":{"line":215,"column":18},"end":{"line":215,"column":null}},"12":{"start":{"line":217,"column":21},"end":{"line":217,"column":70}},"13":{"start":{"line":221,"column":2},"end":{"line":241,"column":3}},"14":{"start":{"line":230,"column":9},"end":{"line":241,"column":3}},"15":{"start":{"line":244,"column":15},"end":{"line":244,"column":null}}},"fnMap":{"0":{"name":"(anonymous_0)","decl":{"start":{"line":244,"column":0},"end":{"line":244,"column":15}},"loc":{"start":{"line":244,"column":0},"end":{"line":244,"column":15}}},"1":{"name":"(anonymous_3)","decl":{"start":{"line":92,"column":19},"end":{"line":92,"column":null}},"loc":{"start":{"line":93,"column":12},"end":{"line":93,"column":null}}},"2":{"name":"(anonymous_5)","decl":{"start":{"line":179,"column":19},"end":{"line":179,"column":null}},"loc":{"start":{"line":180,"column":12},"end":{"line":180,"column":null}}},"3":{"name":"(anonymous_6)","decl":{"start":{"line":211,"column":42},"end":{"line":211,"column":43}},"loc":{"start":{"line":211,"column":60},"end":{"line":242,"column":null}}}},"branchMap":{"0":{"loc":{"start":{"line":217,"column":21},"end":{"line":217,"column":70}},"type":"cond-expr","locations":[{"start":{"line":217,"column":31},"end":{"line":217,"column":41}},{"start":{"line":217,"column":41},"end":{"line":217,"column":70}}]},"1":{"loc":{"start":{"line":217,"column":41},"end":{"line":217,"column":70}},"type":"cond-expr","locations":[{"start":{"line":217,"column":52},"end":{"line":217,"column":63}},{"start":{"line":217,"column":63},"end":{"line":217,"column":70}}]},"2":{"loc":{"start":{"line":221,"column":2},"end":{"line":241,"column":3}},"type":"if","locations":[{"start":{"line":221,"column":2},"end":{"line":241,"column":3}},{"start":{"line":230,"column":9},"end":{"line":241,"column":3}}]},"3":{"loc":{"start":{"line":230,"column":9},"end":{"line":241,"column":3}},"type":"if","locations":[{"start":{"line":230,"column":9},"end":{"line":241,"column":3}},{"start":{"line":239,"column":9},"end":{"line":241,"column":3}}]}},"s":{"0":7,"1":30,"2":30,"3":30,"4":30,"5":30,"6":0,"7":0,"8":30,"9":7,"10":7,"11":7,"12":7,"13":7,"14":7,"15":30},"f":{"0":7,"1":0,"2":0,"3":7},"b":{"0":[0,7],"1":[0,7],"2":[0,7],"3":[0,7]}}
,"/home/rory.macgregor/Desktop/Rory/functional-player/src/components/icons.ts": {"path":"/home/rory.macgregor/Desktop/Rory/functional-player/src/components/icons.ts","statementMap":{"0":{"start":{"line":28,"column":2},"end":{"line":28,"column":10}},"1":{"start":{"line":29,"column":2},"end":{"line":29,"column":16}},"2":{"start":{"line":30,"column":2},"end":{"line":30,"column":19}},"3":{"start":{"line":31,"column":2},"end":{"line":31,"column":11}},"4":{"start":{"line":32,"column":2},"end":{"line":32,"column":15}},"5":{"start":{"line":33,"column":2},"end":{"line":33,"column":17}},"6":{"start":{"line":34,"column":2},"end":{"line":34,"column":18}},"7":{"start":{"line":35,"column":2},"end":{"line":35,"column":12}},"8":{"start":{"line":36,"column":2},"end":{"line":36,"column":10}},"9":{"start":{"line":37,"column":2},"end":{"line":37,"column":13}},"10":{"start":{"line":38,"column":2},"end":{"line":38,"column":14}},"11":{"start":{"line":39,"column":2},"end":{"line":39,"column":11}},"12":{"start":{"line":40,"column":2},"end":{"line":40,"column":12}},"13":{"start":{"line":41,"column":2},"end":{"line":41,"column":15}},"14":{"start":{"line":42,"column":2},"end":{"line":42,"column":17}},"15":{"start":{"line":43,"column":2},"end":{"line":43,"column":19}},"16":{"start":{"line":44,"column":2},"end":{"line":44,"column":13}},"17":{"start":{"line":45,"column":2},"end":{"line":45,"column":10}},"18":{"start":{"line":46,"column":2},"end":{"line":46,"column":14}},"19":{"start":{"line":47,"column":2},"end":{"line":47,"column":15}},"20":{"start":{"line":48,"column":2},"end":{"line":48,"column":13}},"21":{"start":{"line":49,"column":2},"end":{"line":49,"column":12}},"22":{"start":{"line":50,"column":2},"end":{"line":50,"column":13}},"23":{"start":{"line":25,"column":7},"end":{"line":25,"column":null}}},"fnMap":{"0":{"name":"(anonymous_1)","decl":{"start":{"line":28,"column":10},"end":{"line":28,"column":null}},"loc":{"start":{"line":28,"column":2},"end":{"line":28,"column":10}}},"1":{"name":"(anonymous_2)","decl":{"start":{"line":29,"column":16},"end":{"line":29,"column":null}},"loc":{"start":{"line":29,"column":2},"end":{"line":29,"column":16}}},"2":{"name":"(anonymous_3)","decl":{"start":{"line":30,"column":19},"end":{"line":30,"column":null}},"loc":{"start":{"line":30,"column":2},"end":{"line":30,"column":19}}},"3":{"name":"(anonymous_4)","decl":{"start":{"line":31,"column":11},"end":{"line":31,"column":null}},"loc":{"start":{"line":31,"column":2},"end":{"line":31,"column":11}}},"4":{"name":"(anonymous_5)","decl":{"start":{"line":32,"column":15},"end":{"line":32,"column":null}},"loc":{"start":{"line":32,"column":2},"end":{"line":32,"column":15}}},"5":{"name":"(anonymous_6)","decl":{"start":{"line":33,"column":17},"end":{"line":33,"column":null}},"loc":{"start":{"line":33,"column":2},"end":{"line":33,"column":17}}},"6":{"name":"(anonymous_7)","decl":{"start":{"line":34,"column":18},"end":{"line":34,"column":null}},"loc":{"start":{"line":34,"column":2},"end":{"line":34,"column":18}}},"7":{"name":"(anonymous_8)","decl":{"start":{"line":35,"column":12},"end":{"line":35,"column":null}},"loc":{"start":{"line":35,"column":2},"end":{"line":35,"column":12}}},"8":{"name":"(anonymous_9)","decl":{"start":{"line":36,"column":10},"end":{"line":36,"column":null}},"loc":{"start":{"line":36,"column":2},"end":{"line":36,"column":10}}},"9":{"name":"(anonymous_10)","decl":{"start":{"line":37,"column":13},"end":{"line":37,"column":null}},"loc":{"start":{"line":37,"column":2},"end":{"line":37,"column":13}}},"10":{"name":"(anonymous_11)","decl":{"start":{"line":38,"column":14},"end":{"line":38,"column":null}},"loc":{"start":{"line":38,"column":2},"end":{"line":38,"column":14}}},"11":{"name":"(anonymous_12)","decl":{"start":{"line":39,"column":11},"end":{"line":39,"column":null}},"loc":{"start":{"line":39,"column":2},"end":{"line":39,"column":11}}},"12":{"name":"(anonymous_13)","decl":{"start":{"line":40,"column":12},"end":{"line":40,"column":null}},"loc":{"start":{"line":40,"column":2},"end":{"line":40,"column":12}}},"13":{"name":"(anonymous_14)","decl":{"start":{"line":41,"column":15},"end":{"line":41,"column":null}},"loc":{"start":{"line":41,"column":2},"end":{"line":41,"column":15}}},"14":{"name":"(anonymous_15)","decl":{"start":{"line":42,"column":17},"end":{"line":42,"column":null}},"loc":{"start":{"line":42,"column":2},"end":{"line":42,"column":17}}},"15":{"name":"(anonymous_16)","decl":{"start":{"line":43,"column":19},"end":{"line":43,"column":null}},"loc":{"start":{"line":43,"column":2},"end":{"line":43,"column":19}}},"16":{"name":"(anonymous_17)","decl":{"start":{"line":44,"column":13},"end":{"line":44,"column":null}},"loc":{"start":{"line":44,"column":2},"end":{"line":44,"column":13}}},"17":{"name":"(anonymous_18)","decl":{"start":{"line":45,"column":10},"end":{"line":45,"column":null}},"loc":{"start":{"line":45,"column":2},"end":{"line":45,"column":10}}},"18":{"name":"(anonymous_19)","decl":{"start":{"line":46,"column":14},"end":{"line":46,"column":null}},"loc":{"start":{"line":46,"column":2},"end":{"line":46,"column":14}}},"19":{"name":"(anonymous_20)","decl":{"start":{"line":47,"column":15},"end":{"line":47,"column":null}},"loc":{"start":{"line":47,"column":2},"end":{"line":47,"column":15}}},"20":{"name":"(anonymous_21)","decl":{"start":{"line":48,"column":13},"end":{"line":48,"column":null}},"loc":{"start":{"line":48,"column":2},"end":{"line":48,"column":13}}},"21":{"name":"(anonymous_22)","decl":{"start":{"line":49,"column":12},"end":{"line":49,"column":null}},"loc":{"start":{"line":49,"column":2},"end":{"line":49,"column":12}}},"22":{"name":"(anonymous_23)","decl":{"start":{"line":50,"column":13},"end":{"line":50,"column":null}},"loc":{"start":{"line":50,"column":2},"end":{"line":50,"column":13}}}},"branchMap":{},"s":{"0":15,"1":345,"2":0,"3":33,"4":0,"5":21,"6":21,"7":0,"8":15,"9":19,"10":3,"11":3,"12":12,"13":12,"14":2,"15":5,"16":15,"17":15,"18":15,"19":15,"20":15,"21":15,"22":15,"23":30},"f":{"0":15,"1":345,"2":0,"3":33,"4":0,"5":21,"6":21,"7":0,"8":15,"9":19,"10":3,"11":3,"12":12,"13":12,"14":2,"15":5,"16":15,"17":15,"18":15,"19":15,"20":15,"21":15,"22":15},"b":{}}
,"/home/rory.macgregor/Desktop/Rory/functional-player/src/components/index.ts": {"path":"/home/rory.macgregor/Desktop/Rory/functional-player/src/components/index.ts","statementMap":{"0":{"start":{"line":34,"column":2},"end":{"line":34,"column":7}},"1":{"start":{"line":35,"column":2},"end":{"line":35,"column":8}},"2":{"start":{"line":36,"column":2},"end":{"line":36,"column":16}},"3":{"start":{"line":37,"column":2},"end":{"line":37,"column":10}},"4":{"start":{"line":38,"column":2},"end":{"line":38,"column":8}},"5":{"start":{"line":39,"column":2},"end":{"line":39,"column":8}},"6":{"start":{"line":40,"column":2},"end":{"line":40,"column":6}},"7":{"start":{"line":41,"column":2},"end":{"line":41,"column":13}},"8":{"start":{"line":42,"column":2},"end":{"line":42,"column":13}},"9":{"start":{"line":43,"column":2},"end":{"line":43,"column":13}},"10":{"start":{"line":44,"column":2},"end":{"line":44,"column":8}},"11":{"start":{"line":45,"column":2},"end":{"line":45,"column":13}},"12":{"start":{"line":46,"column":2},"end":{"line":46,"column":12}},"13":{"start":{"line":47,"column":2},"end":{"line":47,"column":18}},"14":{"start":{"line":48,"column":2},"end":{"line":48,"column":20}},"15":{"start":{"line":49,"column":2},"end":{"line":49,"column":13}},"16":{"start":{"line":50,"column":2},"end":{"line":50,"column":9}},"17":{"start":{"line":51,"column":2},"end":{"line":51,"column":8}},"18":{"start":{"line":52,"column":2},"end":{"line":52,"column":8}},"19":{"start":{"line":53,"column":2},"end":{"line":53,"column":13}},"20":{"start":{"line":54,"column":2},"end":{"line":54,"column":6}},"21":{"start":{"line":55,"column":2},"end":{"line":55,"column":7}},"22":{"start":{"line":56,"column":2},"end":{"line":56,"column":11}},"23":{"start":{"line":57,"column":2},"end":{"line":57,"column":11}},"24":{"start":{"line":58,"column":2},"end":{"line":58,"column":8}},"25":{"start":{"line":59,"column":2},"end":{"line":59,"column":12}},"26":{"start":{"line":60,"column":2},"end":{"line":60,"column":16}},"27":{"start":{"line":61,"column":2},"end":{"line":61,"column":8}},"28":{"start":{"line":1,"column":18},"end":{"line":1,"column":null}},"29":{"start":{"line":2,"column":19},"end":{"line":2,"column":null}},"30":{"start":{"line":3,"column":27},"end":{"line":3,"column":null}},"31":{"start":{"line":4,"column":21},"end":{"line":4,"column":null}},"32":{"start":{"line":5,"column":19},"end":{"line":5,"column":null}},"33":{"start":{"line":6,"column":19},"end":{"line":6,"column":null}},"34":{"start":{"line":7,"column":17},"end":{"line":7,"column":null}},"35":{"start":{"line":8,"column":24},"end":{"line":8,"column":null}},"36":{"start":{"line":9,"column":24},"end":{"line":9,"column":null}},"37":{"start":{"line":10,"column":24},"end":{"line":10,"column":null}},"38":{"start":{"line":11,"column":19},"end":{"line":11,"column":null}},"39":{"start":{"line":12,"column":24},"end":{"line":12,"column":null}},"40":{"start":{"line":13,"column":23},"end":{"line":13,"column":null}},"41":{"start":{"line":14,"column":29},"end":{"line":14,"column":null}},"42":{"start":{"line":15,"column":31},"end":{"line":15,"column":null}},"43":{"start":{"line":16,"column":24},"end":{"line":16,"column":null}},"44":{"start":{"line":17,"column":20},"end":{"line":17,"column":null}},"45":{"start":{"line":18,"column":19},"end":{"line":18,"column":null}},"46":{"start":{"line":19,"column":19},"end":{"line":19,"column":null}},"47":{"start":{"line":20,"column":24},"end":{"line":20,"column":null}},"48":{"start":{"line":21,"column":17},"end":{"line":21,"column":null}},"49":{"start":{"line":22,"column":18},"end":{"line":22,"column":null}},"50":{"start":{"line":23,"column":22},"end":{"line":23,"column":null}},"51":{"start":{"line":24,"column":22},"end":{"line":24,"column":null}},"52":{"start":{"line":25,"column":19},"end":{"line":25,"column":null}},"53":{"start":{"line":26,"column":23},"end":{"line":26,"column":null}},"54":{"start":{"line":27,"column":27},"end":{"line":27,"column":null}},"55":{"start":{"line":28,"column":19},"end":{"line":28,"column":null}},"56":{"start":{"line":30,"column":14},"end":{"line":30,"column":null}},"57":{"start":{"line":31,"column":14},"end":{"line":31,"column":null}}},"fnMap":{"0":{"name":"(anonymous_1)","decl":{"start":{"line":34,"column":7},"end":{"line":34,"column":null}},"loc":{"start":{"line":34,"column":2},"end":{"line":34,"column":7}}},"1":{"name":"(anonymous_2)","decl":{"start":{"line":35,"column":8},"end":{"line":35,"column":null}},"loc":{"start":{"line":35,"column":2},"end":{"line":35,"column":8}}},"2":{"name":"(anonymous_3)","decl":{"start":{"line":36,"column":16},"end":{"line":36,"column":null}},"loc":{"start":{"line":36,"column":2},"end":{"line":36,"column":16}}},"3":{"name":"(anonymous_4)","decl":{"start":{"line":37,"column":10},"end":{"line":37,"column":null}},"loc":{"start":{"line":37,"column":2},"end":{"line":37,"column":10}}},"4":{"name":"(anonymous_5)","decl":{"start":{"line":38,"column":8},"end":{"line":38,"column":null}},"loc":{"start":{"line":38,"column":2},"end":{"line":38,"column":8}}},"5":{"name":"(anonymous_6)","decl":{"start":{"line":39,"column":8},"end":{"line":39,"column":null}},"loc":{"start":{"line":39,"column":2},"end":{"line":39,"column":8}}},"6":{"name":"(anonymous_7)","decl":{"start":{"line":40,"column":6},"end":{"line":40,"column":null}},"loc":{"start":{"line":40,"column":2},"end":{"line":40,"column":6}}},"7":{"name":"(anonymous_8)","decl":{"start":{"line":41,"column":13},"end":{"line":41,"column":null}},"loc":{"start":{"line":41,"column":2},"end":{"line":41,"column":13}}},"8":{"name":"(anonymous_9)","decl":{"start":{"line":42,"column":13},"end":{"line":42,"column":null}},"loc":{"start":{"line":42,"column":2},"end":{"line":42,"column":13}}},"9":{"name":"(anonymous_10)","decl":{"start":{"line":43,"column":13},"end":{"line":43,"column":null}},"loc":{"start":{"line":43,"column":2},"end":{"line":43,"column":13}}},"10":{"name":"(anonymous_11)","decl":{"start":{"line":44,"column":8},"end":{"line":44,"column":null}},"loc":{"start":{"line":44,"column":2},"end":{"line":44,"column":8}}},"11":{"name":"(anonymous_12)","decl":{"start":{"line":45,"column":13},"end":{"line":45,"column":null}},"loc":{"start":{"line":45,"column":2},"end":{"line":45,"column":13}}},"12":{"name":"(anonymous_13)","decl":{"start":{"line":46,"column":12},"end":{"line":46,"column":null}},"loc":{"start":{"line":46,"column":2},"end":{"line":46,"column":12}}},"13":{"name":"(anonymous_14)","decl":{"start":{"line":47,"column":18},"end":{"line":47,"column":null}},"loc":{"start":{"line":47,"column":2},"end":{"line":47,"column":18}}},"14":{"name":"(anonymous_15)","decl":{"start":{"line":48,"column":20},"end":{"line":48,"column":null}},"loc":{"start":{"line":48,"column":2},"end":{"line":48,"column":20}}},"15":{"name":"(anonymous_16)","decl":{"start":{"line":49,"column":13},"end":{"line":49,"column":null}},"loc":{"start":{"line":49,"column":2},"end":{"line":49,"column":13}}},"16":{"name":"(anonymous_17)","decl":{"start":{"line":50,"column":9},"end":{"line":50,"column":null}},"loc":{"start":{"line":50,"column":2},"end":{"line":50,"column":9}}},"17":{"name":"(anonymous_18)","decl":{"start":{"line":51,"column":8},"end":{"line":51,"column":null}},"loc":{"start":{"line":51,"column":2},"end":{"line":51,"column":8}}},"18":{"name":"(anonymous_19)","decl":{"start":{"line":52,"column":8},"end":{"line":52,"column":null}},"loc":{"start":{"line":52,"column":2},"end":{"line":52,"column":8}}},"19":{"name":"(anonymous_20)","decl":{"start":{"line":53,"column":13},"end":{"line":53,"column":null}},"loc":{"start":{"line":53,"column":2},"end":{"line":53,"column":13}}},"20":{"name":"(anonymous_21)","decl":{"start":{"line":54,"column":6},"end":{"line":54,"column":null}},"loc":{"start":{"line":54,"column":2},"end":{"line":54,"column":6}}},"21":{"name":"(anonymous_22)","decl":{"start":{"line":55,"column":7},"end":{"line":55,"column":null}},"loc":{"start":{"line":55,"column":2},"end":{"line":55,"column":7}}},"22":{"name":"(anonymous_23)","decl":{"start":{"line":56,"column":11},"end":{"line":56,"column":null}},"loc":{"start":{"line":56,"column":2},"end":{"line":56,"column":11}}},"23":{"name":"(anonymous_24)","decl":{"start":{"line":57,"column":11},"end":{"line":57,"column":null}},"loc":{"start":{"line":57,"column":2},"end":{"line":57,"column":11}}},"24":{"name":"(anonymous_25)","decl":{"start":{"line":58,"column":8},"end":{"line":58,"column":null}},"loc":{"start":{"line":58,"column":2},"end":{"line":58,"column":8}}},"25":{"name":"(anonymous_26)","decl":{"start":{"line":59,"column":12},"end":{"line":59,"column":null}},"loc":{"start":{"line":59,"column":2},"end":{"line":59,"column":12}}},"26":{"name":"(anonymous_27)","decl":{"start":{"line":60,"column":16},"end":{"line":60,"column":null}},"loc":{"start":{"line":60,"column":2},"end":{"line":60,"column":16}}},"27":{"name":"(anonymous_28)","decl":{"start":{"line":61,"column":8},"end":{"line":61,"column":null}},"loc":{"start":{"line":61,"column":2},"end":{"line":61,"column":8}}}},"branchMap":{},"s":{"0":8,"1":8,"2":44,"3":25,"4":8,"5":8,"6":256,"7":7,"8":162,"9":125,"10":83,"11":4,"12":453,"13":62,"14":4,"15":103,"16":17,"17":15,"18":8,"19":8,"20":19,"21":8,"22":567,"23":33,"24":358,"25":174,"26":54,"27":8,"28":30,"29":30,"30":30,"31":30,"32":30,"33":30,"34":30,"35":30,"36":30,"37":30,"38":30,"39":30,"40":30,"41":30,"42":30,"43":30,"44":30,"45":30,"46":30,"47":30,"48":30,"49":30,"50":30,"51":30,"52":30,"53":30,"54":30,"55":30,"56":30,"57":30},"f":{"0":8,"1":8,"2":44,"3":25,"4":8,"5":8,"6":256,"7":7,"8":162,"9":125,"10":83,"11":4,"12":453,"13":62,"14":4,"15":103,"16":17,"17":15,"18":8,"19":8,"20":19,"21":8,"22":567,"23":33,"24":358,"25":174,"26":54,"27":8},"b":{}}
,"/home/rory.macgregor/Desktop/Rory/functional-player/src/components/layout.component.tsx": {"path":"/home/rory.macgregor/Desktop/Rory/functional-player/src/components/layout.component.tsx","statementMap":{"0":{"start":{"line":66,"column":0},"end":{"line":66,"column":15}},"1":{"start":{"line":1,"column":54},"end":{"line":1,"column":null}},"2":{"start":{"line":3,"column":22},"end":{"line":3,"column":null}},"3":{"start":{"line":5,"column":39},"end":{"line":5,"column":null}},"4":{"start":{"line":7,"column":14},"end":{"line":19,"column":null}},"5":{"start":{"line":44,"column":26},"end":{"line":64,"column":null}},"6":{"start":{"line":45,"column":42},"end":{"line":45,"column":null}},"7":{"start":{"line":66,"column":15},"end":{"line":66,"column":null}}},"fnMap":{"0":{"name":"(anonymous_0)","decl":{"start":{"line":66,"column":0},"end":{"line":66,"column":15}},"loc":{"start":{"line":66,"column":0},"end":{"line":66,"column":15}}},"1":{"name":"(anonymous_3)","decl":{"start":{"line":44,"column":26},"end":{"line":44,"column":27}},"loc":{"start":{"line":44,"column":58},"end":{"line":64,"column":null}}}},"branchMap":{},"s":{"0":8,"1":30,"2":30,"3":30,"4":30,"5":30,"6":8,"7":30},"f":{"0":8,"1":8},"b":{}}
,"/home/rory.macgregor/Desktop/Rory/functional-player/src/components/level-rating-badge.component.tsx": {"path":"/home/rory.macgregor/Desktop/Rory/functional-player/src/components/level-rating-badge.component.tsx","statementMap":{"0":{"start":{"line":40,"column":0},"end":{"line":40,"column":15}},"1":{"start":{"line":3,"column":38},"end":{"line":3,"column":null}},"2":{"start":{"line":7,"column":38},"end":{"line":7,"column":null}},"3":{"start":{"line":14,"column":36},"end":{"line":38,"column":null}},"4":{"start":{"line":18,"column":24},"end":{"line":19,"column":null}},"5":{"start":{"line":19,"column":19},"end":{"line":19,"column":null}},"6":{"start":{"line":40,"column":15},"end":{"line":40,"column":null}}},"fnMap":{"0":{"name":"(anonymous_0)","decl":{"start":{"line":40,"column":0},"end":{"line":40,"column":15}},"loc":{"start":{"line":40,"column":0},"end":{"line":40,"column":15}}},"1":{"name":"(anonymous_1)","decl":{"start":{"line":14,"column":36},"end":{"line":14,"column":37}},"loc":{"start":{"line":17,"column":20},"end":{"line":38,"column":null}}},"2":{"name":"(anonymous_2)","decl":{"start":{"line":19,"column":4},"end":{"line":19,"column":5}},"loc":{"start":{"line":19,"column":19},"end":{"line":19,"column":null}}}},"branchMap":{"0":{"loc":{"start":{"line":16,"column":2},"end":{"line":16,"column":15}},"type":"default-arg","locations":[{"start":{"line":16,"column":10},"end":{"line":16,"column":15}}]},"1":{"loc":{"start":{"line":32,"column":49},"end":{"line":32,"column":74}},"type":"cond-expr","locations":[{"start":{"line":32,"column":57},"end":{"line":32,"column":66}},{"start":{"line":32,"column":66},"end":{"line":32,"column":74}}]}},"s":{"0":62,"1":30,"2":30,"3":30,"4":62,"5":179,"6":30},"f":{"0":62,"1":62,"2":179},"b":{"0":[4],"1":[0,62]}}
,"/home/rory.macgregor/Desktop/Rory/functional-player/src/components/link.component.tsx": {"path":"/home/rory.macgregor/Desktop/Rory/functional-player/src/components/link.component.tsx","statementMap":{"0":{"start":{"line":46,"column":0},"end":{"line":46,"column":15}},"1":{"start":{"line":3,"column":21},"end":{"line":3,"column":null}},"2":{"start":{"line":5,"column":30},"end":{"line":5,"column":null}},"3":{"start":{"line":12,"column":19},"end":{"line":21,"column":null}},"4":{"start":{"line":13,"column":22},"end":{"line":13,"column":76}},"5":{"start":{"line":14,"column":2},"end":{"line":20,"column":null}},"6":{"start":{"line":46,"column":15},"end":{"line":46,"column":null}}},"fnMap":{"0":{"name":"(anonymous_0)","decl":{"start":{"line":46,"column":0},"end":{"line":46,"column":15}},"loc":{"start":{"line":46,"column":0},"end":{"line":46,"column":15}}},"1":{"name":"(anonymous_2)","decl":{"start":{"line":12,"column":36},"end":{"line":12,"column":37}},"loc":{"start":{"line":12,"column":78},"end":{"line":21,"column":null}}}},"branchMap":{"0":{"loc":{"start":{"line":13,"column":22},"end":{"line":13,"column":76}},"type":"cond-expr","locations":[{"start":{"line":13,"column":37},"end":{"line":13,"column":42}},{"start":{"line":13,"column":42},"end":{"line":13,"column":76}}]},"1":{"loc":{"start":{"line":33,"column":2},"end":{"line":33,"column":22}},"type":"default-arg","locations":[{"start":{"line":33,"column":17},"end":{"line":33,"column":22}}]}},"s":{"0":256,"1":30,"2":30,"3":30,"4":256,"5":256,"6":30},"f":{"0":256,"1":256},"b":{"0":[15,241],"1":[241]}}
,"/home/rory.macgregor/Desktop/Rory/functional-player/src/components/load-mask.component.tsx": {"path":"/home/rory.macgregor/Desktop/Rory/functional-player/src/components/load-mask.component.tsx","statementMap":{"0":{"start":{"line":56,"column":0},"end":{"line":56,"column":15}},"1":{"start":{"line":3,"column":17},"end":{"line":3,"column":null}},"2":{"start":{"line":5,"column":18},"end":{"line":5,"column":null}},"3":{"start":{"line":7,"column":45},"end":{"line":7,"column":null}},"4":{"start":{"line":9,"column":31},"end":{"line":9,"column":null}},"5":{"start":{"line":11,"column":29},"end":{"line":11,"column":null}},"6":{"start":{"line":17,"column":28},"end":{"line":54,"column":null}},"7":{"start":{"line":18,"column":19},"end":{"line":18,"column":null}},"8":{"start":{"line":19,"column":20},"end":{"line":24,"column":null}},"9":{"start":{"line":56,"column":15},"end":{"line":56,"column":null}}},"fnMap":{"0":{"name":"(anonymous_0)","decl":{"start":{"line":56,"column":0},"end":{"line":56,"column":15}},"loc":{"start":{"line":56,"column":0},"end":{"line":56,"column":15}}},"1":{"name":"(anonymous_2)","decl":{"start":{"line":17,"column":28},"end":{"line":17,"column":29}},"loc":{"start":{"line":17,"column":68},"end":{"line":54,"column":null}}}},"branchMap":{"0":{"loc":{"start":{"line":17,"column":31},"end":{"line":17,"column":47}},"type":"default-arg","locations":[{"start":{"line":17,"column":42},"end":{"line":17,"column":47}}]},"1":{"loc":{"start":{"line":21,"column":16},"end":{"line":21,"column":64}},"type":"cond-expr","locations":[{"start":{"line":21,"column":27},"end":{"line":21,"column":47}},{"start":{"line":21,"column":47},"end":{"line":21,"column":64}}]},"2":{"loc":{"start":{"line":22,"column":15},"end":{"line":22,"column":63}},"type":"cond-expr","locations":[{"start":{"line":22,"column":26},"end":{"line":22,"column":46}},{"start":{"line":22,"column":46},"end":{"line":22,"column":63}}]},"3":{"loc":{"start":{"line":32,"column":7},"end":{"line":51,"column":null}},"type":"cond-expr","locations":[{"start":{"line":33,"column":8},"end":{"line":50,"column":9}},{"start":{"line":50,"column":8},"end":{"line":51,"column":null}}]},"4":{"loc":{"start":{"line":38,"column":19},"end":{"line":38,"column":47}},"type":"cond-expr","locations":[{"start":{"line":38,"column":30},"end":{"line":38,"column":40}},{"start":{"line":38,"column":40},"end":{"line":38,"column":47}}]}},"s":{"0":25,"1":30,"2":30,"3":30,"4":30,"5":30,"6":30,"7":25,"8":25,"9":30},"f":{"0":25,"1":25},"b":{"0":[19],"1":[0,25],"2":[0,25],"3":[6,19],"4":[0,6]}}
,"/home/rory.macgregor/Desktop/Rory/functional-player/src/components/loading-spinner.component.tsx": {"path":"/home/rory.macgregor/Desktop/Rory/functional-player/src/components/loading-spinner.component.tsx","statementMap":{"0":{"start":{"line":20,"column":0},"end":{"line":20,"column":15}},"1":{"start":{"line":3,"column":49},"end":{"line":3,"column":null}},"2":{"start":{"line":5,"column":29},"end":{"line":5,"column":null}},"3":{"start":{"line":20,"column":15},"end":{"line":20,"column":null}}},"fnMap":{"0":{"name":"(anonymous_0)","decl":{"start":{"line":20,"column":0},"end":{"line":20,"column":15}},"loc":{"start":{"line":20,"column":0},"end":{"line":20,"column":15}}}},"branchMap":{"0":{"loc":{"start":{"line":11,"column":37},"end":{"line":11,"column":44}},"type":"default-arg","locations":[{"start":{"line":11,"column":42},"end":{"line":11,"column":44}}]}},"s":{"0":44,"1":30,"2":30,"3":30},"f":{"0":44},"b":{"0":[0]}}
,"/home/rory.macgregor/Desktop/Rory/functional-player/src/components/page-wrapper.component.tsx": {"path":"/home/rory.macgregor/Desktop/Rory/functional-player/src/components/page-wrapper.component.tsx","statementMap":{"0":{"start":{"line":39,"column":0},"end":{"line":39,"column":15}},"1":{"start":{"line":3,"column":41},"end":{"line":3,"column":null}},"2":{"start":{"line":10,"column":31},"end":{"line":37,"column":null}},"3":{"start":{"line":14,"column":19},"end":{"line":14,"column":null}},"4":{"start":{"line":39,"column":15},"end":{"line":39,"column":null}}},"fnMap":{"0":{"name":"(anonymous_0)","decl":{"start":{"line":39,"column":0},"end":{"line":39,"column":15}},"loc":{"start":{"line":39,"column":0},"end":{"line":39,"column":15}}},"1":{"name":"(anonymous_1)","decl":{"start":{"line":10,"column":31},"end":{"line":10,"column":32}},"loc":{"start":{"line":13,"column":20},"end":{"line":37,"column":null}}}},"branchMap":{"0":{"loc":{"start":{"line":11,"column":2},"end":{"line":11,"column":23}},"type":"default-arg","locations":[{"start":{"line":11,"column":18},"end":{"line":11,"column":23}}]},"1":{"loc":{"start":{"line":20,"column":22},"end":{"line":20,"column":48}},"type":"cond-expr","locations":[{"start":{"line":20,"column":33},"end":{"line":20,"column":42}},{"start":{"line":20,"column":42},"end":{"line":20,"column":48}}]},"2":{"loc":{"start":{"line":23,"column":7},"end":{"line":33,"column":null}},"type":"cond-expr","locations":[{"start":{"line":24,"column":8},"end":{"line":33,"column":null}},{"start":{"line":33,"column":8},"end":{"line":33,"column":null}}]}},"s":{"0":125,"1":30,"2":30,"3":117,"4":30},"f":{"0":125,"1":117},"b":{"0":[23],"1":[0,117],"2":[94,23]}}
,"/home/rory.macgregor/Desktop/Rory/functional-player/src/components/spaced-title.component.tsx": {"path":"/home/rory.macgregor/Desktop/Rory/functional-player/src/components/spaced-title.component.tsx","statementMap":{"0":{"start":{"line":28,"column":0},"end":{"line":28,"column":15}},"1":{"start":{"line":3,"column":48},"end":{"line":3,"column":null}},"2":{"start":{"line":9,"column":31},"end":{"line":26,"column":null}},"3":{"start":{"line":10,"column":19},"end":{"line":10,"column":null}},"4":{"start":{"line":28,"column":15},"end":{"line":28,"column":null}}},"fnMap":{"0":{"name":"(anonymous_0)","decl":{"start":{"line":28,"column":0},"end":{"line":28,"column":15}},"loc":{"start":{"line":28,"column":0},"end":{"line":28,"column":15}}},"1":{"name":"(anonymous_1)","decl":{"start":{"line":9,"column":31},"end":{"line":9,"column":32}},"loc":{"start":{"line":9,"column":63},"end":{"line":26,"column":null}}}},"branchMap":{"0":{"loc":{"start":{"line":20,"column":18},"end":{"line":20,"column":46}},"type":"cond-expr","locations":[{"start":{"line":20,"column":29},"end":{"line":20,"column":40}},{"start":{"line":20,"column":40},"end":{"line":20,"column":46}}]}},"s":{"0":103,"1":30,"2":30,"3":95,"4":30},"f":{"0":103,"1":95},"b":{"0":[0,95]}}
,"/home/rory.macgregor/Desktop/Rory/functional-player/src/components/stepper.component.tsx": {"path":"/home/rory.macgregor/Desktop/Rory/functional-player/src/components/stepper.component.tsx","statementMap":{"0":{"start":{"line":36,"column":0},"end":{"line":36,"column":15}},"1":{"start":{"line":3,"column":55},"end":{"line":3,"column":null}},"2":{"start":{"line":5,"column":14},"end":{"line":9,"column":null}},"3":{"start":{"line":25,"column":6},"end":{"line":26,"column":null}},"4":{"start":{"line":36,"column":15},"end":{"line":36,"column":null}}},"fnMap":{"0":{"name":"(anonymous_0)","decl":{"start":{"line":36,"column":0},"end":{"line":36,"column":15}},"loc":{"start":{"line":36,"column":0},"end":{"line":36,"column":15}}},"1":{"name":"(anonymous_2)","decl":{"start":{"line":24,"column":15},"end":{"line":24,"column":16}},"loc":{"start":{"line":25,"column":6},"end":{"line":26,"column":null}}}},"branchMap":{},"s":{"0":17,"1":30,"2":30,"3":48,"4":30},"f":{"0":17,"1":48},"b":{}}
,"/home/rory.macgregor/Desktop/Rory/functional-player/src/components/text-field.component.tsx": {"path":"/home/rory.macgregor/Desktop/Rory/functional-player/src/components/text-field.component.tsx","statementMap":{"0":{"start":{"line":62,"column":0},"end":{"line":62,"column":15}},"1":{"start":{"line":1,"column":52},"end":{"line":1,"column":null}},"2":{"start":{"line":3,"column":62},"end":{"line":3,"column":null}},"3":{"start":{"line":7,"column":24},"end":{"line":12,"column":null}},"4":{"start":{"line":7,"column":61},"end":{"line":12,"column":null}},"5":{"start":{"line":27,"column":18},"end":{"line":60,"column":null}},"6":{"start":{"line":40,"column":19},"end":{"line":40,"column":56}},"7":{"start":{"line":41,"column":20},"end":{"line":41,"column":64}},"8":{"start":{"line":62,"column":15},"end":{"line":62,"column":null}}},"fnMap":{"0":{"name":"(anonymous_0)","decl":{"start":{"line":62,"column":0},"end":{"line":62,"column":15}},"loc":{"start":{"line":62,"column":0},"end":{"line":62,"column":15}}},"1":{"name":"(anonymous_1)","decl":{"start":{"line":7,"column":45},"end":{"line":7,"column":46}},"loc":{"start":{"line":7,"column":61},"end":{"line":12,"column":null}}},"2":{"name":"(anonymous_2)","decl":{"start":{"line":27,"column":18},"end":{"line":27,"column":null}},"loc":{"start":{"line":39,"column":19},"end":{"line":60,"column":null}}}},"branchMap":{"0":{"loc":{"start":{"line":32,"column":4},"end":{"line":32,"column":18}},"type":"default-arg","locations":[{"start":{"line":32,"column":11},"end":{"line":32,"column":18}}]},"1":{"loc":{"start":{"line":35,"column":4},"end":{"line":35,"column":21}},"type":"default-arg","locations":[{"start":{"line":35,"column":16},"end":{"line":35,"column":21}}]},"2":{"loc":{"start":{"line":36,"column":4},"end":{"line":36,"column":20}},"type":"default-arg","locations":[{"start":{"line":36,"column":15},"end":{"line":36,"column":20}}]},"3":{"loc":{"start":{"line":40,"column":19},"end":{"line":40,"column":56}},"type":"cond-expr","locations":[{"start":{"line":40,"column":32},"end":{"line":40,"column":54}},{"start":{"line":40,"column":54},"end":{"line":40,"column":56}}]},"4":{"loc":{"start":{"line":41,"column":20},"end":{"line":41,"column":64}},"type":"cond-expr","locations":[{"start":{"line":41,"column":31},"end":{"line":41,"column":62}},{"start":{"line":41,"column":62},"end":{"line":41,"column":64}}]}},"s":{"0":567,"1":30,"2":30,"3":30,"4":567,"5":30,"6":567,"7":567,"8":30},"f":{"0":567,"1":567,"2":567},"b":{"0":[85],"1":[430],"2":[550],"3":[567,0],"4":[17,550]}}
,"/home/rory.macgregor/Desktop/Rory/functional-player/src/components/theme.ts": {"path":"/home/rory.macgregor/Desktop/Rory/functional-player/src/components/theme.ts","statementMap":{"0":{"start":{"line":42,"column":0},"end":{"line":42,"column":15}},"1":{"start":{"line":1,"column":42},"end":{"line":1,"column":null}},"2":{"start":{"line":8,"column":29},"end":{"line":8,"column":null}},"3":{"start":{"line":10,"column":36},"end":{"line":10,"column":48}},"4":{"start":{"line":14,"column":28},"end":{"line":40,"column":null}},"5":{"start":{"line":42,"column":15},"end":{"line":42,"column":null}}},"fnMap":{"0":{"name":"(anonymous_0)","decl":{"start":{"line":42,"column":0},"end":{"line":42,"column":15}},"loc":{"start":{"line":42,"column":0},"end":{"line":42,"column":15}}}},"branchMap":{},"s":{"0":8,"1":30,"2":30,"3":30,"4":30,"5":30},"f":{"0":8},"b":{}}
,"/home/rory.macgregor/Desktop/Rory/functional-player/src/components/video-player.component.tsx": {"path":"/home/rory.macgregor/Desktop/Rory/functional-player/src/components/video-player.component.tsx","statementMap":{"0":{"start":{"line":24,"column":0},"end":{"line":24,"column":15}},"1":{"start":{"line":24,"column":15},"end":{"line":24,"column":null}}},"fnMap":{"0":{"name":"(anonymous_0)","decl":{"start":{"line":24,"column":0},"end":{"line":24,"column":15}},"loc":{"start":{"line":24,"column":0},"end":{"line":24,"column":15}}}},"branchMap":{},"s":{"0":4,"1":30},"f":{"0":4},"b":{}}
,"/home/rory.macgregor/Desktop/Rory/functional-player/src/components/account-details/account-details.component.tsx": {"path":"/home/rory.macgregor/Desktop/Rory/functional-player/src/components/account-details/account-details.component.tsx","statementMap":{"0":{"start":{"line":51,"column":0},"end":{"line":51,"column":15}},"1":{"start":{"line":3,"column":33},"end":{"line":3,"column":null}},"2":{"start":{"line":5,"column":23},"end":{"line":5,"column":null}},"3":{"start":{"line":7,"column":35},"end":{"line":7,"column":null}},"4":{"start":{"line":13,"column":34},"end":{"line":49,"column":null}},"5":{"start":{"line":18,"column":6},"end":{"line":18,"column":null}},"6":{"start":{"line":20,"column":64},"end":{"line":20,"column":null}},"7":{"start":{"line":51,"column":15},"end":{"line":51,"column":null}}},"fnMap":{"0":{"name":"(anonymous_0)","decl":{"start":{"line":51,"column":0},"end":{"line":51,"column":15}},"loc":{"start":{"line":51,"column":0},"end":{"line":51,"column":15}}},"1":{"name":"(anonymous_1)","decl":{"start":{"line":13,"column":34},"end":{"line":13,"column":35}},"loc":{"start":{"line":15,"column":20},"end":{"line":49,"column":null}}}},"branchMap":{"0":{"loc":{"start":{"line":35,"column":13},"end":{"line":37,"column":46}},"type":"cond-expr","locations":[{"start":{"line":36,"column":16},"end":{"line":36,"column":null}},{"start":{"line":37,"column":16},"end":{"line":37,"column":46}}]}},"s":{"0":56,"1":30,"2":30,"3":30,"4":30,"5":19,"6":19,"7":30},"f":{"0":56,"1":19},"b":{"0":[19,0]}}
,"/home/rory.macgregor/Desktop/Rory/functional-player/src/components/bookmark-icon-button/bookmark-icon-button.component.tsx": {"path":"/home/rory.macgregor/Desktop/Rory/functional-player/src/components/bookmark-icon-button/bookmark-icon-button.component.tsx","statementMap":{"0":{"start":{"line":53,"column":0},"end":{"line":53,"column":15}},"1":{"start":{"line":3,"column":43},"end":{"line":3,"column":null}},"2":{"start":{"line":9,"column":7},"end":{"line":9,"column":null}},"3":{"start":{"line":17,"column":38},"end":{"line":51,"column":null}},"4":{"start":{"line":22,"column":23},"end":{"line":22,"column":68}},"5":{"start":{"line":23,"column":24},"end":{"line":23,"column":56}},"6":{"start":{"line":25,"column":33},"end":{"line":30,"column":null}},"7":{"start":{"line":53,"column":15},"end":{"line":53,"column":null}}},"fnMap":{"0":{"name":"(anonymous_0)","decl":{"start":{"line":53,"column":0},"end":{"line":53,"column":15}},"loc":{"start":{"line":53,"column":0},"end":{"line":53,"column":15}}},"1":{"name":"(anonymous_1)","decl":{"start":{"line":17,"column":38},"end":{"line":17,"column":39}},"loc":{"start":{"line":21,"column":20},"end":{"line":51,"column":null}}}},"branchMap":{"0":{"loc":{"start":{"line":20,"column":2},"end":{"line":20,"column":9}},"type":"default-arg","locations":[{"start":{"line":20,"column":7},"end":{"line":20,"column":9}}]},"1":{"loc":{"start":{"line":22,"column":23},"end":{"line":22,"column":68}},"type":"cond-expr","locations":[{"start":{"line":22,"column":38},"end":{"line":22,"column":55}},{"start":{"line":22,"column":55},"end":{"line":22,"column":68}}]},"2":{"loc":{"start":{"line":23,"column":24},"end":{"line":23,"column":56}},"type":"cond-expr","locations":[{"start":{"line":23,"column":39},"end":{"line":23,"column":49}},{"start":{"line":23,"column":49},"end":{"line":23,"column":56}}]},"3":{"loc":{"start":{"line":44,"column":7},"end":{"line":48,"column":null}},"type":"cond-expr","locations":[{"start":{"line":45,"column":8},"end":{"line":47,"column":9}},{"start":{"line":47,"column":8},"end":{"line":48,"column":null}}]}},"s":{"0":7,"1":30,"2":30,"3":30,"4":7,"5":7,"6":7,"7":30},"f":{"0":7,"1":7},"b":{"0":[7],"1":[5,2],"2":[5,2],"3":[5,2]}}
,"/home/rory.macgregor/Desktop/Rory/functional-player/src/components/button/button.component.tsx": {"path":"/home/rory.macgregor/Desktop/Rory/functional-player/src/components/button/button.component.tsx","statementMap":{"0":{"start":{"line":73,"column":0},"end":{"line":73,"column":15}},"1":{"start":{"line":1,"column":63},"end":{"line":1,"column":null}},"2":{"start":{"line":3,"column":52},"end":{"line":3,"column":null}},"3":{"start":{"line":5,"column":31},"end":{"line":5,"column":null}},"4":{"start":{"line":73,"column":15},"end":{"line":73,"column":null}}},"fnMap":{"0":{"name":"(anonymous_0)","decl":{"start":{"line":73,"column":0},"end":{"line":73,"column":15}},"loc":{"start":{"line":73,"column":0},"end":{"line":73,"column":15}}}},"branchMap":{"0":{"loc":{"start":{"line":23,"column":4},"end":{"line":23,"column":20}},"type":"default-arg","locations":[{"start":{"line":23,"column":15},"end":{"line":23,"column":20}}]},"1":{"loc":{"start":{"line":24,"column":4},"end":{"line":24,"column":21}},"type":"default-arg","locations":[{"start":{"line":24,"column":16},"end":{"line":24,"column":21}}]},"2":{"loc":{"start":{"line":36,"column":14},"end":{"line":36,"column":null}},"type":"binary-expr","locations":[{"start":{"line":36,"column":14},"end":{"line":36,"column":26}},{"start":{"line":36,"column":26},"end":{"line":36,"column":null}}]},"3":{"loc":{"start":{"line":58,"column":5},"end":{"line":68,"column":null}},"type":"cond-expr","locations":[{"start":{"line":59,"column":6},"end":{"line":68,"column":null}},{"start":{"line":68,"column":6},"end":{"line":68,"column":null}}]}},"s":{"0":363,"1":30,"2":30,"3":30,"4":30},"f":{"0":363},"b":{"0":[81],"1":[128],"2":[363,198],"3":[19,344]}}
,"/home/rory.macgregor/Desktop/Rory/functional-player/src/components/dialog/dialog.component.tsx": {"path":"/home/rory.macgregor/Desktop/Rory/functional-player/src/components/dialog/dialog.component.tsx","statementMap":{"0":{"start":{"line":85,"column":0},"end":{"line":85,"column":15}},"1":{"start":{"line":8,"column":7},"end":{"line":8,"column":null}},"2":{"start":{"line":10,"column":34},"end":{"line":10,"column":null}},"3":{"start":{"line":22,"column":26},"end":{"line":83,"column":null}},"4":{"start":{"line":29,"column":16},"end":{"line":29,"column":null}},"5":{"start":{"line":29,"column":22},"end":{"line":29,"column":null}},"6":{"start":{"line":69,"column":12},"end":{"line":70,"column":null}},"7":{"start":{"line":72,"column":16},"end":{"line":72,"column":null}},"8":{"start":{"line":73,"column":16},"end":{"line":73,"column":null}},"9":{"start":{"line":73,"column":34},"end":{"line":73,"column":null}},"10":{"start":{"line":85,"column":15},"end":{"line":85,"column":null}}},"fnMap":{"0":{"name":"(anonymous_0)","decl":{"start":{"line":85,"column":0},"end":{"line":85,"column":15}},"loc":{"start":{"line":85,"column":0},"end":{"line":85,"column":15}}},"1":{"name":"(anonymous_1)","decl":{"start":{"line":22,"column":26},"end":{"line":22,"column":27}},"loc":{"start":{"line":28,"column":20},"end":{"line":83,"column":null}}},"2":{"name":"(anonymous_2)","decl":{"start":{"line":29,"column":16},"end":{"line":29,"column":22}},"loc":{"start":{"line":29,"column":22},"end":{"line":29,"column":null}}},"3":{"name":"(anonymous_3)","decl":{"start":{"line":68,"column":23},"end":{"line":68,"column":24}},"loc":{"start":{"line":69,"column":12},"end":{"line":70,"column":null}}},"4":{"name":"(anonymous_4)","decl":{"start":{"line":71,"column":23},"end":{"line":71,"column":29}},"loc":{"start":{"line":71,"column":29},"end":{"line":74,"column":null}}}},"branchMap":{"0":{"loc":{"start":{"line":53,"column":7},"end":{"line":57,"column":14}},"type":"cond-expr","locations":[{"start":{"line":54,"column":8},"end":{"line":57,"column":14}},{"start":{"line":57,"column":10},"end":{"line":57,"column":14}}]},"1":{"loc":{"start":{"line":59,"column":7},"end":{"line":80,"column":14}},"type":"cond-expr","locations":[{"start":{"line":60,"column":8},"end":{"line":80,"column":14}},{"start":{"line":80,"column":10},"end":{"line":80,"column":14}}]},"2":{"loc":{"start":{"line":73,"column":16},"end":{"line":73,"column":null}},"type":"if","locations":[{"start":{"line":73,"column":16},"end":{"line":73,"column":null}}]}},"s":{"0":14,"1":30,"2":30,"3":30,"4":14,"5":2,"6":12,"7":2,"8":2,"9":1,"10":30},"f":{"0":14,"1":14,"2":2,"3":12,"4":2},"b":{"0":[1,13],"1":[6,8],"2":[1]}}
,"/home/rory.macgregor/Desktop/Rory/functional-player/src/components/drawer/drawer.component.tsx": {"path":"/home/rory.macgregor/Desktop/Rory/functional-player/src/components/drawer/drawer.component.tsx","statementMap":{"0":{"start":{"line":194,"column":0},"end":{"line":194,"column":15}},"1":{"start":{"line":3,"column":26},"end":{"line":3,"column":null}},"2":{"start":{"line":5,"column":42},"end":{"line":5,"column":null}},"3":{"start":{"line":24,"column":7},"end":{"line":24,"column":null}},"4":{"start":{"line":26,"column":31},"end":{"line":26,"column":null}},"5":{"start":{"line":33,"column":26},"end":{"line":192,"column":null}},"6":{"start":{"line":34,"column":29},"end":{"line":34,"column":null}},"7":{"start":{"line":38,"column":6},"end":{"line":38,"column":null}},"8":{"start":{"line":40,"column":16},"end":{"line":50,"column":null}},"9":{"start":{"line":52,"column":23},"end":{"line":52,"column":null}},"10":{"start":{"line":52,"column":29},"end":{"line":52,"column":null}},"11":{"start":{"line":52,"column":55},"end":{"line":52,"column":null}},"12":{"start":{"line":54,"column":26},"end":{"line":57,"column":null}},"13":{"start":{"line":55,"column":4},"end":{"line":55,"column":null}},"14":{"start":{"line":56,"column":4},"end":{"line":56,"column":null}},"15":{"start":{"line":59,"column":23},"end":{"line":62,"column":null}},"16":{"start":{"line":60,"column":4},"end":{"line":60,"column":null}},"17":{"start":{"line":61,"column":4},"end":{"line":61,"column":null}},"18":{"start":{"line":181,"column":10},"end":{"line":182,"column":null}},"19":{"start":{"line":194,"column":15},"end":{"line":194,"column":null}}},"fnMap":{"0":{"name":"(anonymous_0)","decl":{"start":{"line":194,"column":0},"end":{"line":194,"column":15}},"loc":{"start":{"line":194,"column":0},"end":{"line":194,"column":15}}},"1":{"name":"(anonymous_1)","decl":{"start":{"line":33,"column":26},"end":{"line":33,"column":27}},"loc":{"start":{"line":33,"column":79},"end":{"line":192,"column":null}}},"2":{"name":"(anonymous_2)","decl":{"start":{"line":52,"column":23},"end":{"line":52,"column":29}},"loc":{"start":{"line":52,"column":29},"end":{"line":52,"column":null}}},"3":{"name":"(anonymous_3)","decl":{"start":{"line":52,"column":45},"end":{"line":52,"column":46}},"loc":{"start":{"line":52,"column":55},"end":{"line":52,"column":null}}},"4":{"name":"(anonymous_4)","decl":{"start":{"line":54,"column":26},"end":{"line":54,"column":32}},"loc":{"start":{"line":54,"column":32},"end":{"line":57,"column":null}}},"5":{"name":"(anonymous_5)","decl":{"start":{"line":59,"column":23},"end":{"line":59,"column":35}},"loc":{"start":{"line":59,"column":35},"end":{"line":62,"column":null}}},"6":{"name":"(anonymous_6)","decl":{"start":{"line":180,"column":19},"end":{"line":180,"column":20}},"loc":{"start":{"line":181,"column":10},"end":{"line":182,"column":null}}}},"branchMap":{"0":{"loc":{"start":{"line":103,"column":16},"end":{"line":103,"column":42}},"type":"cond-expr","locations":[{"start":{"line":103,"column":24},"end":{"line":103,"column":30}},{"start":{"line":103,"column":30},"end":{"line":103,"column":42}}]},"1":{"loc":{"start":{"line":107,"column":9},"end":{"line":146,"column":null}},"type":"cond-expr","locations":[{"start":{"line":108,"column":10},"end":{"line":130,"column":null}},{"start":{"line":130,"column":10},"end":{"line":146,"column":null}}]}},"s":{"0":15,"1":30,"2":30,"3":30,"4":30,"5":30,"6":15,"7":15,"8":15,"9":15,"10":3,"11":0,"12":15,"13":1,"14":1,"15":15,"16":2,"17":2,"18":75,"19":30},"f":{"0":15,"1":15,"2":3,"3":0,"4":1,"5":2,"6":75},"b":{"0":[3,12],"1":[12,3]}}
,"/home/rory.macgregor/Desktop/Rory/functional-player/src/components/forms/form-fields.tsx": {"path":"/home/rory.macgregor/Desktop/Rory/functional-player/src/components/forms/form-fields.tsx","statementMap":{"0":{"start":{"line":108,"column":9},"end":{"line":108,"column":22}},"1":{"start":{"line":108,"column":24},"end":{"line":108,"column":34}},"2":{"start":{"line":108,"column":36},"end":{"line":108,"column":53}},"3":{"start":{"line":108,"column":55},"end":{"line":108,"column":68}},"4":{"start":{"line":1,"column":43},"end":{"line":1,"column":null}},"5":{"start":{"line":3,"column":31},"end":{"line":3,"column":null}},"6":{"start":{"line":12,"column":7},"end":{"line":12,"column":null}},"7":{"start":{"line":68,"column":41},"end":{"line":106,"column":null}},"8":{"start":{"line":74,"column":42},"end":{"line":74,"column":null}},"9":{"start":{"line":78,"column":21},"end":{"line":78,"column":null}},"10":{"start":{"line":93,"column":29},"end":{"line":93,"column":null}}},"fnMap":{"0":{"name":"(anonymous_1)","decl":{"start":{"line":108,"column":22},"end":{"line":108,"column":24}},"loc":{"start":{"line":108,"column":9},"end":{"line":108,"column":22}}},"1":{"name":"(anonymous_2)","decl":{"start":{"line":108,"column":34},"end":{"line":108,"column":36}},"loc":{"start":{"line":108,"column":24},"end":{"line":108,"column":34}}},"2":{"name":"(anonymous_3)","decl":{"start":{"line":108,"column":53},"end":{"line":108,"column":55}},"loc":{"start":{"line":108,"column":36},"end":{"line":108,"column":53}}},"3":{"name":"(anonymous_4)","decl":{"start":{"line":108,"column":68},"end":{"line":108,"column":null}},"loc":{"start":{"line":108,"column":55},"end":{"line":108,"column":68}}},"4":{"name":"(anonymous_8)","decl":{"start":{"line":68,"column":41},"end":{"line":68,"column":42}},"loc":{"start":{"line":73,"column":20},"end":{"line":106,"column":null}}},"5":{"name":"(anonymous_9)","decl":{"start":{"line":93,"column":23},"end":{"line":93,"column":29}},"loc":{"start":{"line":93,"column":29},"end":{"line":93,"column":null}}}},"branchMap":{"0":{"loc":{"start":{"line":83,"column":12},"end":{"line":83,"column":47}},"type":"cond-expr","locations":[{"start":{"line":83,"column":27},"end":{"line":83,"column":37}},{"start":{"line":83,"column":37},"end":{"line":83,"column":47}}]},"1":{"loc":{"start":{"line":95,"column":15},"end":{"line":99,"column":null}},"type":"cond-expr","locations":[{"start":{"line":96,"column":16},"end":{"line":98,"column":17}},{"start":{"line":98,"column":16},"end":{"line":99,"column":null}}]}},"s":{"0":68,"1":137,"2":0,"3":345,"4":30,"5":30,"6":30,"7":30,"8":345,"9":345,"10":0},"f":{"0":68,"1":137,"2":0,"3":345,"4":345,"5":0},"b":{"0":[0,345],"1":[0,345]}}
,"/home/rory.macgregor/Desktop/Rory/functional-player/src/components/forms/index.ts": {"path":"/home/rory.macgregor/Desktop/Rory/functional-player/src/components/forms/index.ts","statementMap":{"0":{"start":{"line":17,"column":2},"end":{"line":17,"column":14}},"1":{"start":{"line":18,"column":2},"end":{"line":18,"column":15}},"2":{"start":{"line":19,"column":2},"end":{"line":19,"column":11}},"3":{"start":{"line":20,"column":2},"end":{"line":20,"column":20}},"4":{"start":{"line":21,"column":2},"end":{"line":21,"column":19}},"5":{"start":{"line":22,"column":2},"end":{"line":22,"column":19}},"6":{"start":{"line":23,"column":2},"end":{"line":23,"column":24}},"7":{"start":{"line":24,"column":2},"end":{"line":24,"column":13}},"8":{"start":{"line":2,"column":25},"end":{"line":2,"column":null}},"9":{"start":{"line":3,"column":26},"end":{"line":3,"column":null}},"10":{"start":{"line":4,"column":22},"end":{"line":4,"column":null}},"11":{"start":{"line":5,"column":31},"end":{"line":5,"column":null}},"12":{"start":{"line":6,"column":30},"end":{"line":6,"column":null}},"13":{"start":{"line":7,"column":30},"end":{"line":7,"column":null}},"14":{"start":{"line":8,"column":35},"end":{"line":8,"column":null}},"15":{"start":{"line":11,"column":14},"end":{"line":11,"column":null}},"16":{"start":{"line":14,"column":24},"end":{"line":14,"column":null}}},"fnMap":{"0":{"name":"(anonymous_1)","decl":{"start":{"line":17,"column":14},"end":{"line":17,"column":null}},"loc":{"start":{"line":17,"column":2},"end":{"line":17,"column":14}}},"1":{"name":"(anonymous_2)","decl":{"start":{"line":18,"column":15},"end":{"line":18,"column":null}},"loc":{"start":{"line":18,"column":2},"end":{"line":18,"column":15}}},"2":{"name":"(anonymous_3)","decl":{"start":{"line":19,"column":11},"end":{"line":19,"column":null}},"loc":{"start":{"line":19,"column":2},"end":{"line":19,"column":11}}},"3":{"name":"(anonymous_4)","decl":{"start":{"line":20,"column":20},"end":{"line":20,"column":null}},"loc":{"start":{"line":20,"column":2},"end":{"line":20,"column":20}}},"4":{"name":"(anonymous_5)","decl":{"start":{"line":21,"column":19},"end":{"line":21,"column":null}},"loc":{"start":{"line":21,"column":2},"end":{"line":21,"column":19}}},"5":{"name":"(anonymous_6)","decl":{"start":{"line":22,"column":19},"end":{"line":22,"column":null}},"loc":{"start":{"line":22,"column":2},"end":{"line":22,"column":19}}},"6":{"name":"(anonymous_7)","decl":{"start":{"line":23,"column":24},"end":{"line":23,"column":null}},"loc":{"start":{"line":23,"column":2},"end":{"line":23,"column":24}}},"7":{"name":"(anonymous_8)","decl":{"start":{"line":24,"column":13},"end":{"line":24,"column":null}},"loc":{"start":{"line":24,"column":2},"end":{"line":24,"column":13}}}},"branchMap":{},"s":{"0":11,"1":11,"2":7,"3":54,"4":7,"5":54,"6":54,"7":251,"8":30,"9":30,"10":30,"11":30,"12":30,"13":30,"14":30,"15":30,"16":30},"f":{"0":11,"1":11,"2":7,"3":54,"4":7,"5":54,"6":54,"7":251},"b":{}}
,"/home/rory.macgregor/Desktop/Rory/functional-player/src/components/forms/delete-form/delete-form.component.tsx": {"path":"/home/rory.macgregor/Desktop/Rory/functional-player/src/components/forms/delete-form/delete-form.component.tsx","statementMap":{"0":{"start":{"line":119,"column":0},"end":{"line":119,"column":15}},"1":{"start":{"line":1,"column":43},"end":{"line":1,"column":null}},"2":{"start":{"line":3,"column":24},"end":{"line":3,"column":null}},"3":{"start":{"line":5,"column":21},"end":{"line":5,"column":null}},"4":{"start":{"line":7,"column":28},"end":{"line":7,"column":null}},"5":{"start":{"line":9,"column":33},"end":{"line":9,"column":null}},"6":{"start":{"line":11,"column":51},"end":{"line":11,"column":null}},"7":{"start":{"line":13,"column":42},"end":{"line":13,"column":null}},"8":{"start":{"line":17,"column":25},"end":{"line":19,"column":null}},"9":{"start":{"line":26,"column":37},"end":{"line":117,"column":null}},"10":{"start":{"line":34,"column":6},"end":{"line":40,"column":null}},"11":{"start":{"line":42,"column":52},"end":{"line":42,"column":null}},"12":{"start":{"line":44,"column":21},"end":{"line":44,"column":61}},"13":{"start":{"line":50,"column":8},"end":{"line":50,"column":null}},"14":{"start":{"line":51,"column":8},"end":{"line":51,"column":null}},"15":{"start":{"line":63,"column":29},"end":{"line":63,"column":57}},"16":{"start":{"line":119,"column":15},"end":{"line":119,"column":null}}},"fnMap":{"0":{"name":"(anonymous_0)","decl":{"start":{"line":119,"column":0},"end":{"line":119,"column":15}},"loc":{"start":{"line":119,"column":0},"end":{"line":119,"column":15}}},"1":{"name":"(anonymous_4)","decl":{"start":{"line":26,"column":37},"end":{"line":26,"column":38}},"loc":{"start":{"line":29,"column":20},"end":{"line":117,"column":null}}},"2":{"name":"(anonymous_5)","decl":{"start":{"line":48,"column":29},"end":{"line":48,"column":30}},"loc":{"start":{"line":48,"column":45},"end":{"line":52,"column":null}}},"3":{"name":"(anonymous_6)","decl":{"start":{"line":63,"column":23},"end":{"line":63,"column":29}},"loc":{"start":{"line":63,"column":29},"end":{"line":63,"column":57}}}},"branchMap":{"0":{"loc":{"start":{"line":44,"column":21},"end":{"line":44,"column":61}},"type":"binary-expr","locations":[{"start":{"line":44,"column":21},"end":{"line":44,"column":33}},{"start":{"line":44,"column":33},"end":{"line":44,"column":61}}]},"1":{"loc":{"start":{"line":66,"column":7},"end":{"line":114,"column":14}},"type":"cond-expr","locations":[{"start":{"line":67,"column":8},"end":{"line":114,"column":14}},{"start":{"line":114,"column":10},"end":{"line":114,"column":14}}]}},"s":{"0":59,"1":30,"2":30,"3":30,"4":30,"5":30,"6":30,"7":30,"8":30,"9":30,"10":24,"11":24,"12":24,"13":4,"14":4,"15":6,"16":30},"f":{"0":59,"1":24,"2":4,"3":6},"b":{"0":[24,16],"1":[6,18]}}
,"/home/rory.macgregor/Desktop/Rory/functional-player/src/components/forms/form-wrapper/form-wrapper.component.tsx": {"path":"/home/rory.macgregor/Desktop/Rory/functional-player/src/components/forms/form-wrapper/form-wrapper.component.tsx","statementMap":{"0":{"start":{"line":26,"column":0},"end":{"line":26,"column":15}},"1":{"start":{"line":3,"column":21},"end":{"line":3,"column":null}},"2":{"start":{"line":18,"column":6},"end":{"line":18,"column":null}},"3":{"start":{"line":19,"column":6},"end":{"line":19,"column":null}},"4":{"start":{"line":26,"column":15},"end":{"line":26,"column":null}}},"fnMap":{"0":{"name":"(anonymous_0)","decl":{"start":{"line":26,"column":0},"end":{"line":26,"column":15}},"loc":{"start":{"line":26,"column":0},"end":{"line":26,"column":15}}},"1":{"name":"(anonymous_2)","decl":{"start":{"line":17,"column":14},"end":{"line":17,"column":15}},"loc":{"start":{"line":17,"column":21},"end":{"line":20,"column":null}}}},"branchMap":{},"s":{"0":253,"1":31,"2":45,"3":45,"4":31},"f":{"0":253,"1":45},"b":{}}
,"/home/rory.macgregor/Desktop/Rory/functional-player/src/components/forms/login-form/login-form.component.tsx": {"path":"/home/rory.macgregor/Desktop/Rory/functional-player/src/components/forms/login-form/login-form.component.tsx","statementMap":{"0":{"start":{"line":93,"column":0},"end":{"line":93,"column":15}},"1":{"start":{"line":3,"column":24},"end":{"line":3,"column":null}},"2":{"start":{"line":5,"column":21},"end":{"line":5,"column":null}},"3":{"start":{"line":7,"column":28},"end":{"line":7,"column":null}},"4":{"start":{"line":9,"column":33},"end":{"line":9,"column":null}},"5":{"start":{"line":18,"column":7},"end":{"line":18,"column":null}},"6":{"start":{"line":24,"column":7},"end":{"line":24,"column":null}},"7":{"start":{"line":28,"column":24},"end":{"line":33,"column":null}},"8":{"start":{"line":40,"column":29},"end":{"line":91,"column":null}},"9":{"start":{"line":45,"column":6},"end":{"line":52,"column":null}},"10":{"start":{"line":54,"column":21},"end":{"line":54,"column":61}},"11":{"start":{"line":58,"column":45},"end":{"line":58,"column":null}},"12":{"start":{"line":93,"column":15},"end":{"line":93,"column":null}}},"fnMap":{"0":{"name":"(anonymous_0)","decl":{"start":{"line":93,"column":0},"end":{"line":93,"column":15}},"loc":{"start":{"line":93,"column":0},"end":{"line":93,"column":15}}},"1":{"name":"(anonymous_4)","decl":{"start":{"line":40,"column":29},"end":{"line":40,"column":30}},"loc":{"start":{"line":40,"column":75},"end":{"line":91,"column":null}}},"2":{"name":"(anonymous_5)","decl":{"start":{"line":58,"column":29},"end":{"line":58,"column":30}},"loc":{"start":{"line":58,"column":45},"end":{"line":58,"column":null}}}},"branchMap":{"0":{"loc":{"start":{"line":54,"column":21},"end":{"line":54,"column":61}},"type":"binary-expr","locations":[{"start":{"line":54,"column":21},"end":{"line":54,"column":33}},{"start":{"line":54,"column":33},"end":{"line":54,"column":61}}]}},"s":{"0":16,"1":30,"2":30,"3":30,"4":30,"5":30,"6":30,"7":30,"8":30,"9":29,"10":29,"11":4,"12":30},"f":{"0":16,"1":29,"2":4},"b":{"0":[29,16]}}
,"/home/rory.macgregor/Desktop/Rory/functional-player/src/components/forms/register-form/register-form.component.tsx": {"path":"/home/rory.macgregor/Desktop/Rory/functional-player/src/components/forms/register-form/register-form.component.tsx","statementMap":{"0":{"start":{"line":127,"column":0},"end":{"line":127,"column":15}},"1":{"start":{"line":3,"column":24},"end":{"line":3,"column":null}},"2":{"start":{"line":5,"column":21},"end":{"line":5,"column":null}},"3":{"start":{"line":7,"column":28},"end":{"line":7,"column":null}},"4":{"start":{"line":9,"column":33},"end":{"line":9,"column":null}},"5":{"start":{"line":19,"column":7},"end":{"line":19,"column":null}},"6":{"start":{"line":29,"column":7},"end":{"line":29,"column":null}},"7":{"start":{"line":33,"column":27},"end":{"line":44,"column":null}},"8":{"start":{"line":54,"column":32},"end":{"line":125,"column":null}},"9":{"start":{"line":65,"column":6},"end":{"line":74,"column":null}},"10":{"start":{"line":76,"column":21},"end":{"line":76,"column":61}},"11":{"start":{"line":86,"column":47},"end":{"line":86,"column":null}},"12":{"start":{"line":127,"column":15},"end":{"line":127,"column":null}}},"fnMap":{"0":{"name":"(anonymous_0)","decl":{"start":{"line":127,"column":0},"end":{"line":127,"column":15}},"loc":{"start":{"line":127,"column":0},"end":{"line":127,"column":15}}},"1":{"name":"(anonymous_4)","decl":{"start":{"line":54,"column":32},"end":{"line":54,"column":33}},"loc":{"start":{"line":60,"column":20},"end":{"line":125,"column":null}}},"2":{"name":"(anonymous_5)","decl":{"start":{"line":86,"column":31},"end":{"line":86,"column":32}},"loc":{"start":{"line":86,"column":47},"end":{"line":86,"column":null}}}},"branchMap":{"0":{"loc":{"start":{"line":76,"column":21},"end":{"line":76,"column":61}},"type":"binary-expr","locations":[{"start":{"line":76,"column":21},"end":{"line":76,"column":33}},{"start":{"line":76,"column":33},"end":{"line":76,"column":61}}]},"1":{"loc":{"start":{"line":104,"column":20},"end":{"line":104,"column":null}},"type":"binary-expr","locations":[{"start":{"line":104,"column":20},"end":{"line":104,"column":43}},{"start":{"line":104,"column":43},"end":{"line":104,"column":null}}]}},"s":{"0":21,"1":30,"2":30,"3":30,"4":30,"5":30,"6":30,"7":30,"8":30,"9":68,"10":68,"11":7,"12":30},"f":{"0":21,"1":68,"2":7},"b":{"0":[68,52],"1":[68,64]}}
,"/home/rory.macgregor/Desktop/Rory/functional-player/src/components/forms/reset-password-form/reset-password-form.component.tsx": {"path":"/home/rory.macgregor/Desktop/Rory/functional-player/src/components/forms/reset-password-form/reset-password-form.component.tsx","statementMap":{"0":{"start":{"line":65,"column":0},"end":{"line":65,"column":15}},"1":{"start":{"line":3,"column":24},"end":{"line":3,"column":null}},"2":{"start":{"line":5,"column":21},"end":{"line":5,"column":null}},"3":{"start":{"line":7,"column":28},"end":{"line":7,"column":null}},"4":{"start":{"line":9,"column":48},"end":{"line":9,"column":null}},"5":{"start":{"line":14,"column":7},"end":{"line":14,"column":null}},"6":{"start":{"line":16,"column":32},"end":{"line":20,"column":null}},"7":{"start":{"line":30,"column":37},"end":{"line":63,"column":null}},"8":{"start":{"line":39,"column":6},"end":{"line":45,"column":null}},"9":{"start":{"line":47,"column":21},"end":{"line":47,"column":61}},"10":{"start":{"line":51,"column":41},"end":{"line":51,"column":null}},"11":{"start":{"line":65,"column":15},"end":{"line":65,"column":null}}},"fnMap":{"0":{"name":"(anonymous_0)","decl":{"start":{"line":65,"column":0},"end":{"line":65,"column":15}},"loc":{"start":{"line":65,"column":0},"end":{"line":65,"column":15}}},"1":{"name":"(anonymous_4)","decl":{"start":{"line":30,"column":37},"end":{"line":30,"column":38}},"loc":{"start":{"line":34,"column":20},"end":{"line":63,"column":null}}},"2":{"name":"(anonymous_5)","decl":{"start":{"line":51,"column":29},"end":{"line":51,"column":30}},"loc":{"start":{"line":51,"column":41},"end":{"line":51,"column":null}}}},"branchMap":{"0":{"loc":{"start":{"line":47,"column":21},"end":{"line":47,"column":61}},"type":"binary-expr","locations":[{"start":{"line":47,"column":21},"end":{"line":47,"column":33}},{"start":{"line":47,"column":33},"end":{"line":47,"column":61}}]},"1":{"loc":{"start":{"line":56,"column":18},"end":{"line":56,"column":null}},"type":"binary-expr","locations":[{"start":{"line":56,"column":18},"end":{"line":56,"column":38}},{"start":{"line":56,"column":38},"end":{"line":56,"column":null}}]}},"s":{"0":12,"1":30,"2":30,"3":30,"4":30,"5":30,"6":30,"7":30,"8":23,"9":23,"10":4,"11":30},"f":{"0":12,"1":23,"2":4},"b":{"0":[23,14],"1":[23,19]}}
,"/home/rory.macgregor/Desktop/Rory/functional-player/src/components/forms/subscribe-form/subscribe-form.component.tsx": {"path":"/home/rory.macgregor/Desktop/Rory/functional-player/src/components/forms/subscribe-form/subscribe-form.component.tsx","statementMap":{"0":{"start":{"line":39,"column":0},"end":{"line":39,"column":15}},"1":{"start":{"line":7,"column":7},"end":{"line":7,"column":null}},"2":{"start":{"line":9,"column":46},"end":{"line":9,"column":null}},"3":{"start":{"line":18,"column":33},"end":{"line":37,"column":null}},"4":{"start":{"line":22,"column":17},"end":{"line":22,"column":null}},"5":{"start":{"line":23,"column":19},"end":{"line":23,"column":null}},"6":{"start":{"line":25,"column":25},"end":{"line":25,"column":null}},"7":{"start":{"line":27,"column":2},"end":{"line":27,"column":null}},"8":{"start":{"line":27,"column":23},"end":{"line":27,"column":null}},"9":{"start":{"line":30,"column":33},"end":{"line":30,"column":null}},"10":{"start":{"line":39,"column":15},"end":{"line":39,"column":null}}},"fnMap":{"0":{"name":"(anonymous_0)","decl":{"start":{"line":39,"column":0},"end":{"line":39,"column":15}},"loc":{"start":{"line":39,"column":0},"end":{"line":39,"column":15}}},"1":{"name":"(anonymous_1)","decl":{"start":{"line":18,"column":33},"end":{"line":18,"column":34}},"loc":{"start":{"line":21,"column":20},"end":{"line":37,"column":null}}},"2":{"name":"(anonymous_2)","decl":{"start":{"line":30,"column":27},"end":{"line":30,"column":33}},"loc":{"start":{"line":30,"column":33},"end":{"line":30,"column":null}}}},"branchMap":{"0":{"loc":{"start":{"line":25,"column":25},"end":{"line":25,"column":null}},"type":"binary-expr","locations":[{"start":{"line":25,"column":25},"end":{"line":25,"column":37}},{"start":{"line":25,"column":37},"end":{"line":25,"column":null}}]},"1":{"loc":{"start":{"line":27,"column":2},"end":{"line":27,"column":null}},"type":"if","locations":[{"start":{"line":27,"column":2},"end":{"line":27,"column":null}}]}},"s":{"0":14,"1":30,"2":30,"3":30,"4":14,"5":14,"6":14,"7":14,"8":0,"9":4,"10":30},"f":{"0":14,"1":14,"2":4},"b":{"0":[14,14],"1":[0]}}
,"/home/rory.macgregor/Desktop/Rory/functional-player/src/components/forms/update-password-form/update-password-form.component.tsx": {"path":"/home/rory.macgregor/Desktop/Rory/functional-player/src/components/forms/update-password-form/update-password-form.component.tsx","statementMap":{"0":{"start":{"line":85,"column":0},"end":{"line":85,"column":15}},"1":{"start":{"line":3,"column":24},"end":{"line":3,"column":null}},"2":{"start":{"line":5,"column":21},"end":{"line":5,"column":null}},"3":{"start":{"line":7,"column":28},"end":{"line":7,"column":null}},"4":{"start":{"line":9,"column":51},"end":{"line":9,"column":null}},"5":{"start":{"line":17,"column":7},"end":{"line":17,"column":null}},"6":{"start":{"line":21,"column":29},"end":{"line":29,"column":null}},"7":{"start":{"line":36,"column":38},"end":{"line":83,"column":null}},"8":{"start":{"line":44,"column":6},"end":{"line":52,"column":null}},"9":{"start":{"line":54,"column":21},"end":{"line":54,"column":61}},"10":{"start":{"line":58,"column":45},"end":{"line":58,"column":null}},"11":{"start":{"line":85,"column":15},"end":{"line":85,"column":null}}},"fnMap":{"0":{"name":"(anonymous_0)","decl":{"start":{"line":85,"column":0},"end":{"line":85,"column":15}},"loc":{"start":{"line":85,"column":0},"end":{"line":85,"column":15}}},"1":{"name":"(anonymous_4)","decl":{"start":{"line":36,"column":38},"end":{"line":36,"column":39}},"loc":{"start":{"line":39,"column":20},"end":{"line":83,"column":null}}},"2":{"name":"(anonymous_5)","decl":{"start":{"line":58,"column":29},"end":{"line":58,"column":30}},"loc":{"start":{"line":58,"column":45},"end":{"line":58,"column":null}}}},"branchMap":{"0":{"loc":{"start":{"line":54,"column":21},"end":{"line":54,"column":61}},"type":"binary-expr","locations":[{"start":{"line":54,"column":21},"end":{"line":54,"column":33}},{"start":{"line":54,"column":33},"end":{"line":54,"column":61}}]}},"s":{"0":61,"1":30,"2":30,"3":30,"4":30,"5":30,"6":30,"7":30,"8":52,"9":52,"10":5,"11":30},"f":{"0":61,"1":52,"2":5},"b":{"0":[52,41]}}
,"/home/rory.macgregor/Desktop/Rory/functional-player/src/components/forms/update-subscription-form/update-subscription-form.component.tsx": {"path":"/home/rory.macgregor/Desktop/Rory/functional-player/src/components/forms/update-subscription-form/update-subscription-form.component.tsx","statementMap":{"0":{"start":{"line":86,"column":0},"end":{"line":86,"column":15}},"1":{"start":{"line":3,"column":27},"end":{"line":3,"column":null}},"2":{"start":{"line":5,"column":25},"end":{"line":5,"column":null}},"3":{"start":{"line":7,"column":22},"end":{"line":7,"column":null}},"4":{"start":{"line":9,"column":30},"end":{"line":9,"column":null}},"5":{"start":{"line":18,"column":7},"end":{"line":18,"column":null}},"6":{"start":{"line":86,"column":15},"end":{"line":86,"column":null}}},"fnMap":{"0":{"name":"(anonymous_0)","decl":{"start":{"line":86,"column":0},"end":{"line":86,"column":15}},"loc":{"start":{"line":86,"column":0},"end":{"line":86,"column":15}}}},"branchMap":{"0":{"loc":{"start":{"line":59,"column":9},"end":{"line":61,"column":36}},"type":"cond-expr","locations":[{"start":{"line":60,"column":12},"end":{"line":60,"column":45}},{"start":{"line":61,"column":12},"end":{"line":61,"column":36}}]},"1":{"loc":{"start":{"line":64,"column":5},"end":{"line":82,"column":null}},"type":"cond-expr","locations":[{"start":{"line":65,"column":6},"end":{"line":71,"column":31}},{"start":{"line":71,"column":8},"end":{"line":82,"column":null}}]},"2":{"loc":{"start":{"line":71,"column":8},"end":{"line":82,"column":null}},"type":"cond-expr","locations":[{"start":{"line":72,"column":6},"end":{"line":77,"column":7}},{"start":{"line":77,"column":6},"end":{"line":82,"column":null}}]}},"s":{"0":64,"1":30,"2":30,"3":30,"4":30,"5":30,"6":30},"f":{"0":64},"b":{"0":[12,19],"1":[7,24],"2":[12,12]}}
[...]
"12":{"start":{"line":2,"column":19},"end":{"line":2,"column":null}},"13":{"start":{"line":3,"column":32},"end":{"line":3,"column":null}},"14":{"start":{"line":4,"column":28},"end":{"line":4,"column":null}},"15":{"start":{"line":5,"column":30},"end":{"line":5,"column":null}},"16":{"start":{"line":6,"column":32},"end":{"line":6,"column":null}},"17":{"start":{"line":7,"column":35},"end":{"line":7,"column":null}},"18":{"start":{"line":8,"column":28},"end":{"line":8,"column":null}},"19":{"start":{"line":9,"column":33},"end":{"line":9,"column":null}},"20":{"start":{"line":10,"column":23},"end":{"line":10,"column":null}}},"fnMap":{"0":{"name":"(anonymous_1)","decl":{"start":{"line":13,"column":6},"end":{"line":13,"column":null}},"loc":{"start":{"line":13,"column":2},"end":{"line":13,"column":6}}},"1":{"name":"(anonymous_2)","decl":{"start":{"line":14,"column":8},"end":{"line":14,"column":null}},"loc":{"start":{"line":14,"column":2},"end":{"line":14,"column":8}}},"2":{"name":"(anonymous_3)","decl":{"start":{"line":15,"column":9},"end":{"line":15,"column":null}},"loc":{"start":{"line":15,"column":2},"end":{"line":15,"column":9}}},"3":{"name":"(anonymous_4)","decl":{"start":{"line":16,"column":8},"end":{"line":16,"column":null}},"loc":{"start":{"line":16,"column":2},"end":{"line":16,"column":8}}},"4":{"name":"(anonymous_5)","decl":{"start":{"line":17,"column":17},"end":{"line":17,"column":null}},"loc":{"start":{"line":17,"column":2},"end":{"line":17,"column":17}}},"5":{"name":"(anonymous_6)","decl":{"start":{"line":18,"column":19},"end":{"line":18,"column":null}},"loc":{"start":{"line":18,"column":2},"end":{"line":18,"column":19}}},"6":{"name":"(anonymous_7)","decl":{"start":{"line":19,"column":21},"end":{"line":19,"column":null}},"loc":{"start":{"line":19,"column":2},"end":{"line":19,"column":21}}},"7":{"name":"(anonymous_8)","decl":{"start":{"line":20,"column":24},"end":{"line":20,"column":null}},"loc":{"start":{"line":20,"column":2},"end":{"line":20,"column":24}}},"8":{"name":"(anonymous_9)","decl":{"start":{"line":21,"column":17},"end":{"line":21,"column":null}},"loc":{"start":{"line":21,"column":2},"end":{"line":21,"column":17}}},"9":{"name":"(anonymous_10)","decl":{"start":{"line":22,"column":22},"end":{"line":22,"column":null}},"loc":{"start":{"line":22,"column":2},"end":{"line":22,"column":22}}},"10":{"name":"(anonymous_11)","decl":{"start":{"line":23,"column":12},"end":{"line":23,"column":null}},"loc":{"start":{"line":23,"column":2},"end":{"line":23,"column":12}}}},"branchMap":{},"s":{"0":54,"1":2,"2":197,"3":157,"4":5,"5":0,"6":12,"7":4,"8":0,"9":2,"10":19,"11":42,"12":42,"13":42,"14":42,"15":42,"16":42,"17":42,"18":42,"19":42,"20":42},"f":{"0":54,"1":2,"2":197,"3":157,"4":5,"5":0,"6":12,"7":4,"8":0,"9":2,"10":19},"b":{}}
,"/home/rory.macgregor/Desktop/Rory/functional-player/src/utils/test-utils.tsx": {"path":"/home/rory.macgregor/Desktop/Rory/functional-player/src/utils/test-utils.tsx","statementMap":{"0":{"start":{"line":38,"column":20},"end":{"line":38,"column":29}},"1":{"start":{"line":39,"column":9},"end":{"line":39,"column":15}},"2":{"start":{"line":3,"column":36},"end":{"line":3,"column":null}},"3":{"start":{"line":5,"column":30},"end":{"line":5,"column":null}},"4":{"start":{"line":7,"column":24},"end":{"line":7,"column":null}},"5":{"start":{"line":38,"column":37},"end":{"line":38,"column":null}},"6":{"start":{"line":18,"column":15},"end":{"line":35,"column":null}},"7":{"start":{"line":23,"column":22},"end":{"line":27,"column":null}},"8":{"start":{"line":25,"column":21},"end":{"line":25,"column":null}},"9":{"start":{"line":33,"column":16},"end":{"line":33,"column":null}},"10":{"start":{"line":34,"column":2},"end":{"line":34,"column":null}}},"fnMap":{"0":{"name":"(anonymous_1)","decl":{"start":{"line":38,"column":29},"end":{"line":38,"column":37}},"loc":{"start":{"line":38,"column":20},"end":{"line":38,"column":29}}},"1":{"name":"(anonymous_2)","decl":{"start":{"line":39,"column":15},"end":{"line":39,"column":null}},"loc":{"start":{"line":39,"column":9},"end":{"line":39,"column":15}}},"2":{"name":"(anonymous_7)","decl":{"start":{"line":18,"column":15},"end":{"line":18,"column":null}},"loc":{"start":{"line":21,"column":5},"end":{"line":35,"column":null}}},"3":{"name":"(anonymous_8)","decl":{"start":{"line":20,"column":26},"end":{"line":20,"column":32}},"loc":{"start":{"line":20,"column":32},"end":{"line":20,"column":34}}},"4":{"name":"(anonymous_9)","decl":{"start":{"line":20,"column":43},"end":{"line":20,"column":49}},"loc":{"start":{"line":20,"column":49},"end":{"line":20,"column":51}}},"5":{"name":"(anonymous_10)","decl":{"start":{"line":25,"column":14},"end":{"line":25,"column":21}},"loc":{"start":{"line":25,"column":21},"end":{"line":25,"column":null}}},"6":{"name":"(anonymous_11)","decl":{"start":{"line":25,"column":30},"end":{"line":25,"column":36}},"loc":{"start":{"line":25,"column":36},"end":{"line":25,"column":39}}}},"branchMap":{"0":{"loc":{"start":{"line":20,"column":2},"end":{"line":20,"column":79}},"type":"default-arg","locations":[{"start":{"line":20,"column":77},"end":{"line":20,"column":79}}]},"1":{"loc":{"start":{"line":20,"column":4},"end":{"line":20,"column":12}},"type":"default-arg","locations":[{"start":{"line":20,"column":10},"end":{"line":20,"column":12}}]},"2":{"loc":{"start":{"line":20,"column":14},"end":{"line":20,"column":34}},"type":"default-arg","locations":[{"start":{"line":20,"column":26},"end":{"line":20,"column":34}}]},"3":{"loc":{"start":{"line":20,"column":36},"end":{"line":20,"column":51}},"type":"default-arg","locations":[{"start":{"line":20,"column":43},"end":{"line":20,"column":51}}]},"4":{"loc":{"start":{"line":20,"column":53},"end":{"line":20,"column":63}},"type":"default-arg","locations":[{"start":{"line":20,"column":61},"end":{"line":20,"column":63}}]}},"s":{"0":193,"1":189,"2":39,"3":39,"4":39,"5":39,"6":39,"7":189,"8":36,"9":189,"10":189},"f":{"0":193,"1":189,"2":189,"3":1,"4":6,"5":36,"6":0},"b":{"0":[110],"1":[158],"2":[177],"3":[149],"4":[174]}}
,"/home/rory.macgregor/Desktop/Rory/functional-player/src/utils/authenticate-session/authenticate-session.ts": {"path":"/home/rory.macgregor/Desktop/Rory/functional-player/src/utils/authenticate-session/authenticate-session.ts","statementMap":{"0":{"start":{"line":15,"column":30},"end":{"line":15,"column":50}},"1":{"start":{"line":1,"column":21},"end":{"line":1,"column":null}},"2":{"start":{"line":18,"column":49},"end":{"line":23,"column":null}},"3":{"start":{"line":22,"column":6},"end":{"line":22,"column":null}},"4":{"start":{"line":24,"column":2},"end":{"line":35,"column":3}},"5":{"start":{"line":25,"column":24},"end":{"line":25,"column":null}},"6":{"start":{"line":26,"column":4},"end":{"line":32,"column":null}},"7":{"start":{"line":33,"column":9},"end":{"line":35,"column":3}},"8":{"start":{"line":34,"column":4},"end":{"line":34,"column":null}},"9":{"start":{"line":36,"column":2},"end":{"line":36,"column":null}}},"fnMap":{"0":{"name":"(anonymous_0)","decl":{"start":{"line":15,"column":30},"end":{"line":15,"column":50}},"loc":{"start":{"line":15,"column":30},"end":{"line":15,"column":50}}},"1":{"name":"(anonymous_2)","decl":{"start":{"line":21,"column":13},"end":{"line":21,"column":14}},"loc":{"start":{"line":22,"column":6},"end":{"line":22,"column":null}}}},"branchMap":{"0":{"loc":{"start":{"line":24,"column":2},"end":{"line":35,"column":3}},"type":"if","locations":[{"start":{"line":24,"column":2},"end":{"line":35,"column":3}},{"start":{"line":33,"column":9},"end":{"line":35,"column":3}}]},"1":{"loc":{"start":{"line":33,"column":9},"end":{"line":35,"column":3}},"type":"if","locations":[{"start":{"line":33,"column":9},"end":{"line":35,"column":3}}]},"2":{"loc":{"start":{"line":33,"column":13},"end":{"line":33,"column":42}},"type":"binary-expr","locations":[{"start":{"line":33,"column":13},"end":{"line":33,"column":26}},{"start":{"line":33,"column":26},"end":{"line":33,"column":42}}]}},"s":{"0":12,"1":42,"2":12,"3":1,"4":12,"5":3,"6":3,"7":9,"8":7,"9":12},"f":{"0":24,"1":1},"b":{"0":[3,9],"1":[7],"2":[9,3]}}
,"/home/rory.macgregor/Desktop/Rory/functional-player/src/utils/format-date/format-date.ts": {"path":"/home/rory.macgregor/Desktop/Rory/functional-player/src/utils/format-date/format-date.ts","statementMap":{"0":{"start":{"line":3,"column":24},"end":{"line":3,"column":35}},"1":{"start":{"line":1,"column":33},"end":{"line":1,"column":null}},"2":{"start":{"line":4,"column":2},"end":{"line":4,"column":null}}},"fnMap":{"0":{"name":"(anonymous_0)","decl":{"start":{"line":3,"column":24},"end":{"line":3,"column":35}},"loc":{"start":{"line":3,"column":24},"end":{"line":3,"column":35}}}},"branchMap":{},"s":{"0":20,"1":43,"2":20},"f":{"0":40},"b":{}}
,"/home/rory.macgregor/Desktop/Rory/functional-player/src/utils/generate-temp-password/generate-temp-password.ts": {"path":"/home/rory.macgregor/Desktop/Rory/functional-player/src/utils/generate-temp-password/generate-temp-password.ts","statementMap":{"0":{"start":{"line":3,"column":24},"end":{"line":3,"column":55}},"1":{"start":{"line":1,"column":22},"end":{"line":1,"column":null}},"2":{"start":{"line":4,"column":2},"end":{"line":6,"column":null}},"3":{"start":{"line":6,"column":21},"end":{"line":6,"column":74}}},"fnMap":{"0":{"name":"(anonymous_0)","decl":{"start":{"line":3,"column":24},"end":{"line":3,"column":55}},"loc":{"start":{"line":3,"column":24},"end":{"line":3,"column":55}}},"1":{"name":"(anonymous_2)","decl":{"start":{"line":6,"column":12},"end":{"line":6,"column":13}},"loc":{"start":{"line":6,"column":21},"end":{"line":6,"column":74}}}},"branchMap":{},"s":{"0":2,"1":42,"2":2,"3":12},"f":{"0":4,"1":12},"b":{}}
,"/home/rory.macgregor/Desktop/Rory/functional-player/src/utils/http/http.ts": {"path":"/home/rory.macgregor/Desktop/Rory/functional-player/src/utils/http/http.ts","statementMap":{"0":{"start":{"line":19,"column":30},"end":{"line":19,"column":35}},"1":{"start":{"line":1,"column":38},"end":{"line":1,"column":null}},"2":{"start":{"line":5,"column":43},"end":{"line":10,"column":null}},"3":{"start":{"line":25,"column":2},"end":{"line":46,"column":null}},"4":{"start":{"line":26,"column":20},"end":{"line":26,"column":72}},"5":{"start":{"line":28,"column":21},"end":{"line":34,"column":null}},"6":{"start":{"line":41,"column":4},"end":{"line":41,"column":null}},"7":{"start":{"line":43,"column":4},"end":{"line":43,"column":null}},"8":{"start":{"line":45,"column":4},"end":{"line":45,"column":null}}},"fnMap":{"0":{"name":"(anonymous_0)","decl":{"start":{"line":19,"column":30},"end":{"line":19,"column":35}},"loc":{"start":{"line":19,"column":30},"end":{"line":19,"column":35}}}},"branchMap":{"0":{"loc":{"start":{"line":22,"column":2},"end":{"line":22,"column":17}},"type":"default-arg","locations":[{"start":{"line":22,"column":11},"end":{"line":22,"column":17}}]},"1":{"loc":{"start":{"line":26,"column":20},"end":{"line":26,"column":72}},"type":"cond-expr","locations":[{"start":{"line":26,"column":33},"end":{"line":26,"column":70}},{"start":{"line":26,"column":70},"end":{"line":26,"column":72}}]}},"s":{"0":62,"1":43,"2":43,"3":62,"4":62,"5":62,"6":49,"7":13,"8":13},"f":{"0":124},"b":{"0":[50],"1":[42,20]}}
,"/home/rory.macgregor/Desktop/Rory/functional-player/src/utils/logout/logout.ts": {"path":"/home/rory.macgregor/Desktop/Rory/functional-player/src/utils/logout/logout.ts","statementMap":{"0":{"start":{"line":18,"column":30},"end":{"line":18,"column":37}},"1":{"start":{"line":1,"column":21},"end":{"line":1,"column":null}},"2":{"start":{"line":5,"column":40},"end":{"line":5,"column":null}},"3":{"start":{"line":23,"column":20},"end":{"line":23,"column":null}},"4":{"start":{"line":24,"column":39},"end":{"line":28,"column":null}},"5":{"start":{"line":29,"column":2},"end":{"line":45,"column":3}},"6":{"start":{"line":30,"column":24},"end":{"line":30,"column":null}},"7":{"start":{"line":31,"column":4},"end":{"line":36,"column":null}},"8":{"start":{"line":37,"column":9},"end":{"line":45,"column":3}},"9":{"start":{"line":38,"column":4},"end":{"line":43,"column":null}},"10":{"start":{"line":44,"column":4},"end":{"line":44,"column":null}}},"fnMap":{"0":{"name":"(anonymous_0)","decl":{"start":{"line":18,"column":30},"end":{"line":18,"column":37}},"loc":{"start":{"line":18,"column":30},"end":{"line":18,"column":37}}}},"branchMap":{"0":{"loc":{"start":{"line":29,"column":2},"end":{"line":45,"column":3}},"type":"if","locations":[{"start":{"line":29,"column":2},"end":{"line":45,"column":3}},{"start":{"line":37,"column":9},"end":{"line":45,"column":3}}]},"1":{"loc":{"start":{"line":37,"column":9},"end":{"line":45,"column":3}},"type":"if","locations":[{"start":{"line":37,"column":9},"end":{"line":45,"column":3}}]}},"s":{"0":5,"1":42,"2":42,"3":5,"4":5,"5":5,"6":2,"7":2,"8":3,"9":2,"10":2},"f":{"0":10},"b":{"0":[2,3],"1":[2]}}
,"/home/rory.macgregor/Desktop/Rory/functional-player/src/utils/sync-subscription-status/sync-subscription-status.ts": {"path":"/home/rory.macgregor/Desktop/Rory/functional-player/src/utils/sync-subscription-status/sync-subscription-status.ts","statementMap":{"0":{"start":{"line":21,"column":30},"end":{"line":21,"column":53}},"1":{"start":{"line":1,"column":21},"end":{"line":1,"column":null}},"2":{"start":{"line":25,"column":11},"end":{"line":25,"column":16}},"3":{"start":{"line":26,"column":56},"end":{"line":26,"column":null}},"4":{"start":{"line":28,"column":39},"end":{"line":36,"column":null}},"5":{"start":{"line":37,"column":2},"end":{"line":48,"column":3}},"6":{"start":{"line":38,"column":24},"end":{"line":38,"column":null}},"7":{"start":{"line":39,"column":4},"end":{"line":44,"column":null}},"8":{"start":{"line":45,"column":9},"end":{"line":48,"column":3}},"9":{"start":{"line":46,"column":4},"end":{"line":46,"column":null}},"10":{"start":{"line":47,"column":4},"end":{"line":47,"column":null}},"11":{"start":{"line":49,"column":2},"end":{"line":49,"column":null}}},"fnMap":{"0":{"name":"(anonymous_0)","decl":{"start":{"line":21,"column":30},"end":{"line":21,"column":53}},"loc":{"start":{"line":21,"column":30},"end":{"line":21,"column":53}}}},"branchMap":{"0":{"loc":{"start":{"line":37,"column":2},"end":{"line":48,"column":3}},"type":"if","locations":[{"start":{"line":37,"column":2},"end":{"line":48,"column":3}},{"start":{"line":45,"column":9},"end":{"line":48,"column":3}}]},"1":{"loc":{"start":{"line":45,"column":9},"end":{"line":48,"column":3}},"type":"if","locations":[{"start":{"line":45,"column":9},"end":{"line":48,"column":3}}]}},"s":{"0":4,"1":42,"2":4,"3":4,"4":4,"5":4,"6":1,"7":1,"8":3,"9":2,"10":2,"11":4},"f":{"0":8},"b":{"0":[1,3],"1":[2]}}
,"/home/rory.macgregor/Desktop/Rory/functional-player/src/utils/update-bookmarks/update-bookmarks.ts": {"path":"/home/rory.macgregor/Desktop/Rory/functional-player/src/utils/update-bookmarks/update-bookmarks.ts","statementMap":{"0":{"start":{"line":23,"column":30},"end":{"line":23,"column":46}},"1":{"start":{"line":1,"column":21},"end":{"line":1,"column":null}},"2":{"start":{"line":6,"column":7},"end":{"line":6,"column":null}},"3":{"start":{"line":28,"column":49},"end":{"line":28,"column":null}},"4":{"start":{"line":29,"column":23},"end":{"line":29,"column":null}},"5":{"start":{"line":31,"column":20},"end":{"line":33,"column":null}},"6":{"start":{"line":32,"column":37},"end":{"line":32,"column":null}},"7":{"start":{"line":35,"column":39},"end":{"line":42,"column":null}},"8":{"start":{"line":44,"column":2},"end":{"line":61,"column":3}},"9":{"start":{"line":45,"column":24},"end":{"line":45,"column":null}},"10":{"start":{"line":46,"column":4},"end":{"line":51,"column":null}},"11":{"start":{"line":52,"column":9},"end":{"line":61,"column":3}},"12":{"start":{"line":53,"column":4},"end":{"line":60,"column":null}}},"fnMap":{"0":{"name":"(anonymous_0)","decl":{"start":{"line":23,"column":30},"end":{"line":23,"column":46}},"loc":{"start":{"line":23,"column":30},"end":{"line":23,"column":46}}},"1":{"name":"(anonymous_2)","decl":{"start":{"line":32,"column":30},"end":{"line":32,"column":31}},"loc":{"start":{"line":32,"column":37},"end":{"line":32,"column":null}}}},"branchMap":{"0":{"loc":{"start":{"line":31,"column":20},"end":{"line":33,"column":null}},"type":"cond-expr","locations":[{"start":{"line":32,"column":6},"end":{"line":32,"column":null}},{"start":{"line":33,"column":6},"end":{"line":33,"column":null}}]},"1":{"loc":{"start":{"line":44,"column":2},"end":{"line":61,"column":3}},"type":"if","locations":[{"start":{"line":44,"column":2},"end":{"line":61,"column":3}},{"start":{"line":52,"column":9},"end":{"line":61,"column":3}}]},"2":{"loc":{"start":{"line":52,"column":9},"end":{"line":61,"column":3}},"type":"if","locations":[{"start":{"line":52,"column":9},"end":{"line":61,"column":3}}]},"3":{"loc":{"start":{"line":56,"column":17},"end":{"line":58,"column":40}},"type":"cond-expr","locations":[{"start":{"line":57,"column":12},"end":{"line":57,"column":43}},{"start":{"line":58,"column":12},"end":{"line":58,"column":40}}]}},"s":{"0":5,"1":42,"2":42,"3":5,"4":5,"5":5,"6":4,"7":5,"8":5,"9":1,"10":1,"11":4,"12":3},"f":{"0":10,"1":4},"b":{"0":[3,2],"1":[1,4],"2":[3],"3":[2,1]}}
,"/home/rory.macgregor/Desktop/Rory/functional-player/src/utils/update-last-watched/update-last-watched.ts": {"path":"/home/rory.macgregor/Desktop/Rory/functional-player/src/utils/update-last-watched/update-last-watched.ts","statementMap":{"0":{"start":{"line":16,"column":30},"end":{"line":16,"column":48}},"1":{"start":{"line":1,"column":21},"end":{"line":1,"column":null}},"2":{"start":{"line":21,"column":2},"end":{"line":38,"column":3}},"3":{"start":{"line":22,"column":41},"end":{"line":29,"column":null}},"4":{"start":{"line":31,"column":4},"end":{"line":37,"column":5}},"5":{"start":{"line":34,"column":6},"end":{"line":34,"column":null}},"6":{"start":{"line":35,"column":11},"end":{"line":37,"column":5}},"7":{"start":{"line":36,"column":6},"end":{"line":36,"column":null}}},"fnMap":{"0":{"name":"(anonymous_0)","decl":{"start":{"line":16,"column":30},"end":{"line":16,"column":48}},"loc":{"start":{"line":16,"column":30},"end":{"line":16,"column":48}}}},"branchMap":{"0":{"loc":{"start":{"line":21,"column":2},"end":{"line":38,"column":3}},"type":"if","locations":[{"start":{"line":21,"column":2},"end":{"line":38,"column":3}}]},"1":{"loc":{"start":{"line":31,"column":4},"end":{"line":37,"column":5}},"type":"if","locations":[{"start":{"line":31,"column":4},"end":{"line":37,"column":5}},{"start":{"line":35,"column":11},"end":{"line":37,"column":5}}]},"2":{"loc":{"start":{"line":35,"column":11},"end":{"line":37,"column":5}},"type":"if","locations":[{"start":{"line":35,"column":11},"end":{"line":37,"column":5}}]}},"s":{"0":0,"1":42,"2":0,"3":0,"4":0,"5":0,"6":0,"7":0},"f":{"0":0},"b":{"0":[0],"1":[0,0],"2":[0]}}
,"/home/rory.macgregor/Desktop/Rory/functional-player/src/utils/use-ctx/use-ctx.ts": {"path":"/home/rory.macgregor/Desktop/Rory/functional-player/src/utils/use-ctx/use-ctx.ts","statementMap":{"0":{"start":{"line":5,"column":13},"end":{"line":5,"column":20}},"1":{"start":{"line":8,"column":0},"end":{"line":8,"column":15}},"2":{"start":{"line":1,"column":42},"end":{"line":1,"column":null}},"3":{"start":{"line":5,"column":23},"end":{"line":5,"column":null}},"4":{"start":{"line":6,"column":15},"end":{"line":6,"column":null}},"5":{"start":{"line":6,"column":21},"end":{"line":6,"column":null}},"6":{"start":{"line":8,"column":15},"end":{"line":8,"column":22}}},"fnMap":{"0":{"name":"(anonymous_1)","decl":{"start":{"line":5,"column":20},"end":{"line":5,"column":23}},"loc":{"start":{"line":5,"column":13},"end":{"line":5,"column":20}}},"1":{"name":"(anonymous_2)","decl":{"start":{"line":8,"column":22},"end":{"line":8,"column":null}},"loc":{"start":{"line":8,"column":0},"end":{"line":8,"column":15}}},"2":{"name":"(anonymous_3)","decl":{"start":{"line":6,"column":15},"end":{"line":6,"column":21}},"loc":{"start":{"line":6,"column":21},"end":{"line":6,"column":null}}}},"branchMap":{},"s":{"0":197,"1":158,"2":42,"3":42,"4":42,"5":158,"6":42},"f":{"0":197,"1":158,"2":158},"b":{}}
}
