TN:
SF:lib/get-courses/get-courses.ts
FN:12,(anonymous_0)
FN:25,(anonymous_2)
FNF:2
FNH:2
FNDA:8,(anonymous_0)
FNDA:3,(anonymous_2)
DA:1,1
DA:3,1
DA:12,4
DA:16,4
DA:17,4
DA:19,4
DA:24,3
DA:25,3
DA:30,3
DA:31,3
DA:33,1
DA:34,1
DA:35,1
LF:13
LH:13
BRDA:14,0,0,3
BRDA:26,1,0,1
BRDA:26,1,1,2
BRDA:30,2,0,1
BRDA:30,2,1,2
BRF:5
BRH:5
end_of_record
TN:
SF:lib/sanitize-body/sanitize-body.ts
FN:9,(anonymous_0)
FN:14,(anonymous_3)
FNF:2
FNH:2
FNDA:6,(anonymous_0)
FNDA:9,(anonymous_3)
DA:1,1
DA:9,3
DA:10,3
DA:11,2
DA:13,1
DA:14,9
LF:6
LH:6
BRDA:10,0,0,2
BRDA:10,0,1,1
BRDA:10,1,0,3
BRDA:10,1,1,2
BRF:4
BRH:4
end_of_record
TN:
SF:lib/sync-stipe-and-db/sync-stripe-and-db.ts
FN:73,(anonymous_0)
FN:20,syncStripeAndDb
FNF:2
FNH:2
FNDA:4,(anonymous_0)
FNDA:4,syncStripeAndDb
DA:1,43
DA:5,43
DA:9,43
DA:29,4
DA:35,4
DA:36,1
DA:39,3
DA:43,2
DA:50,2
DA:51,1
DA:54,1
DA:61,1
DA:62,1
DA:63,1
DA:65,1
DA:69,1
DA:73,43
LF:17
LH:17
BRDA:35,0,0,1
BRDA:50,1,0,1
BRDA:50,1,1,1
BRDA:62,2,0,1
BRF:4
BRH:4
end_of_record
TN:
SF:lib/verify-sessions/verify-sessions.ts
FN:14,(anonymous_0)
FN:17,(anonymous_2)
FNF:2
FNH:2
FNDA:8,(anonymous_0)
FNDA:9,(anonymous_2)
DA:1,1
DA:14,4
DA:15,4
DA:16,4
DA:18,9
LF:5
LH:5
BRDA:18,0,0,4
BRDA:18,0,1,5
BRF:2
BRH:2
end_of_record
TN:
SF:src/components/attention.component.tsx
FN:21,(anonymous_0)
FNF:1
FNH:1
FNDA:33,(anonymous_0)
DA:21,33
LF:1
LH:1
BRF:0
BRH:0
end_of_record
TN:
SF:src/components/footer.component.tsx
FN:46,(anonymous_0)
FN:14,(anonymous_1)
FNF:2
FNH:2
FNDA:8,(anonymous_0)
FNDA:8,(anonymous_1)
DA:3,30
DA:5,30
DA:7,30
DA:9,30
DA:14,30
DA:15,8
DA:16,8
DA:46,30
LF:8
LH:8
BRDA:21,0,0,0
BRDA:21,0,1,8
BRDA:22,1,0,0
BRDA:22,1,1,8
BRDA:30,2,0,8
BRDA:30,2,1,0
BRDA:36,3,0,8
BRDA:36,3,1,0
BRF:8
BRH:4
end_of_record
TN:
SF:src/components/header-image.component.tsx
FN:244,(anonymous_0)
FN:92,(anonymous_3)
FN:179,(anonymous_5)
FN:211,(anonymous_6)
FNF:4
FNH:2
FNDA:7,(anonymous_0)
FNDA:0,(anonymous_3)
FNDA:0,(anonymous_5)
FNDA:7,(anonymous_6)
DA:3,30
DA:5,30
DA:7,30
DA:9,30
DA:13,30
DA:93,0
DA:180,0
DA:211,30
DA:212,7
DA:214,7
DA:215,7
DA:217,7
DA:221,7
DA:230,7
DA:244,30
LF:15
LH:13
BRDA:217,0,0,0
BRDA:217,0,1,7
BRDA:217,1,0,0
BRDA:217,1,1,7
BRDA:221,2,0,0
BRDA:221,2,1,7
BRDA:230,3,0,0
BRDA:230,3,1,7
BRF:8
BRH:4
end_of_record
TN:
SF:src/components/icons.ts
FN:28,(anonymous_1)
FN:29,(anonymous_2)
FN:30,(anonymous_3)
FN:31,(anonymous_4)
FN:32,(anonymous_5)
FN:33,(anonymous_6)
FN:34,(anonymous_7)
FN:35,(anonymous_8)
FN:36,(anonymous_9)
FN:37,(anonymous_10)
FN:38,(anonymous_11)
FN:39,(anonymous_12)
FN:40,(anonymous_13)
FN:41,(anonymous_14)
FN:42,(anonymous_15)
FN:43,(anonymous_16)
FN:44,(anonymous_17)
FN:45,(anonymous_18)
FN:46,(anonymous_19)
FN:47,(anonymous_20)
FN:48,(anonymous_21)
FN:49,(anonymous_22)
FN:50,(anonymous_23)
FNF:23
FNH:20
FNDA:15,(anonymous_1)
FNDA:345,(anonymous_2)
FNDA:0,(anonymous_3)
FNDA:33,(anonymous_4)
FNDA:0,(anonymous_5)
FNDA:21,(anonymous_6)
FNDA:21,(anonymous_7)
FNDA:0,(anonymous_8)
FNDA:15,(anonymous_9)
FNDA:19,(anonymous_10)
FNDA:3,(anonymous_11)
FNDA:3,(anonymous_12)
FNDA:12,(anonymous_13)
FNDA:12,(anonymous_14)
FNDA:2,(anonymous_15)
FNDA:5,(anonymous_16)
FNDA:15,(anonymous_17)
FNDA:15,(anonymous_18)
FNDA:15,(anonymous_19)
FNDA:15,(anonymous_20)
FNDA:15,(anonymous_21)
FNDA:15,(anonymous_22)
FNDA:15,(anonymous_23)
DA:25,30
DA:28,15
DA:29,345
DA:30,0
DA:31,33
DA:32,0
DA:33,21
DA:34,21
DA:35,0
DA:36,15
DA:37,19
DA:38,3
DA:39,3
DA:40,12
DA:41,12
DA:42,2
DA:43,5
DA:44,15
DA:45,15
DA:46,15
DA:47,15
DA:48,15
DA:49,15
DA:50,15
LF:24
LH:21
BRF:0
BRH:0
end_of_record
TN:
SF:src/components/index.ts
FN:34,(anonymous_1)
FN:35,(anonymous_2)
FN:36,(anonymous_3)
FN:37,(anonymous_4)
FN:38,(anonymous_5)
FN:39,(anonymous_6)
FN:40,(anonymous_7)
FN:41,(anonymous_8)
FN:42,(anonymous_9)
FN:43,(anonymous_10)
FN:44,(anonymous_11)
FN:45,(anonymous_12)
FN:46,(anonymous_13)
FN:47,(anonymous_14)
FN:48,(anonymous_15)
FN:49,(anonymous_16)
FN:50,(anonymous_17)
FN:51,(anonymous_18)
FN:52,(anonymous_19)
FN:53,(anonymous_20)
FN:54,(anonymous_21)
FN:55,(anonymous_22)
FN:56,(anonymous_23)
FN:57,(anonymous_24)
FN:58,(anonymous_25)
FN:59,(anonymous_26)
FN:60,(anonymous_27)
FN:61,(anonymous_28)
FNF:28
FNH:28
FNDA:8,(anonymous_1)
FNDA:8,(anonymous_2)
FNDA:44,(anonymous_3)
FNDA:25,(anonymous_4)
FNDA:8,(anonymous_5)
FNDA:8,(anonymous_6)
FNDA:256,(anonymous_7)
FNDA:7,(anonymous_8)
FNDA:162,(anonymous_9)
FNDA:125,(anonymous_10)
FNDA:83,(anonymous_11)
FNDA:4,(anonymous_12)
FNDA:453,(anonymous_13)
FNDA:62,(anonymous_14)
FNDA:4,(anonymous_15)
FNDA:103,(anonymous_16)
FNDA:17,(anonymous_17)
FNDA:15,(anonymous_18)
FNDA:8,(anonymous_19)
FNDA:8,(anonymous_20)
FNDA:19,(anonymous_21)
FNDA:8,(anonymous_22)
FNDA:567,(anonymous_23)
FNDA:33,(anonymous_24)
FNDA:358,(anonymous_25)
FNDA:174,(anonymous_26)
FNDA:54,(anonymous_27)
FNDA:8,(anonymous_28)
DA:1,30
DA:2,30
DA:3,30
DA:4,30
DA:5,30
DA:6,30
DA:7,30
DA:8,30
DA:9,30
DA:10,30
DA:11,30
DA:12,30
DA:13,30
DA:14,30
DA:15,30
DA:16,30
DA:17,30
DA:18,30
DA:19,30
DA:20,30
DA:21,30
DA:22,30
DA:23,30
DA:24,30
DA:25,30
DA:26,30
DA:27,30
DA:28,30
DA:30,30
DA:31,30
DA:34,8
DA:35,8
DA:36,44
DA:37,25
DA:38,8
DA:39,8
DA:40,256
DA:41,7
DA:42,162
DA:43,125
DA:44,83
DA:45,4
DA:46,453
DA:47,62
DA:48,4
DA:49,103
DA:50,17
DA:51,15
DA:52,8
DA:53,8
DA:54,19
DA:55,8
DA:56,567
DA:57,33
DA:58,358
DA:59,174
DA:60,54
DA:61,8
LF:58
LH:58
BRF:0
BRH:0
end_of_record
TN:
SF:src/components/layout.component.tsx
FN:66,(anonymous_0)
FN:44,(anonymous_3)
FNF:2
FNH:2
FNDA:8,(anonymous_0)
FNDA:8,(anonymous_3)
DA:1,30
DA:3,30
DA:5,30
DA:7,30
DA:44,30
DA:45,8
DA:66,30
LF:7
LH:7
BRF:0
BRH:0
end_of_record
TN:
SF:src/components/level-rating-badge.component.tsx
FN:40,(anonymous_0)
FN:14,(anonymous_1)
FN:19,(anonymous_2)
FNF:3
FNH:3
FNDA:62,(anonymous_0)
FNDA:62,(anonymous_1)
FNDA:179,(anonymous_2)
DA:3,30
DA:7,30
DA:14,30
DA:18,62
DA:19,179
DA:40,62
LF:6
LH:6
BRDA:16,0,0,4
BRDA:32,1,0,0
BRDA:32,1,1,62
BRF:3
BRH:2
end_of_record
TN:
SF:src/components/link.component.tsx
FN:46,(anonymous_0)
FN:12,(anonymous_2)
FNF:2
FNH:2
FNDA:256,(anonymous_0)
FNDA:256,(anonymous_2)
DA:3,30
DA:5,30
DA:12,30
DA:13,256
DA:14,256
DA:46,256
LF:6
LH:6
BRDA:13,0,0,15
BRDA:13,0,1,241
BRDA:33,1,0,241
BRF:3
BRH:3
end_of_record
TN:
SF:src/components/load-mask.component.tsx
FN:56,(anonymous_0)
FN:17,(anonymous_2)
FNF:2
FNH:2
FNDA:25,(anonymous_0)
FNDA:25,(anonymous_2)
DA:3,30
DA:5,30
DA:7,30
DA:9,30
DA:11,30
DA:17,30
DA:18,25
DA:19,25
DA:56,30
LF:9
LH:9
BRDA:17,0,0,19
BRDA:21,1,0,0
BRDA:21,1,1,25
BRDA:22,2,0,0
BRDA:22,2,1,25
BRDA:32,3,0,6
BRDA:32,3,1,19
BRDA:38,4,0,0
BRDA:38,4,1,6
BRF:9
BRH:6
end_of_record
TN:
SF:src/components/loading-spinner.component.tsx
FN:20,(anonymous_0)
FNF:1
FNH:1
FNDA:44,(anonymous_0)
DA:3,30
DA:5,30
DA:20,44
LF:3
LH:3
BRDA:11,0,0,0
BRF:1
BRH:0
end_of_record
TN:
SF:src/components/page-wrapper.component.tsx
FN:39,(anonymous_0)
FN:10,(anonymous_1)
FNF:2
FNH:2
FNDA:125,(anonymous_0)
FNDA:117,(anonymous_1)
DA:3,30
DA:10,30
DA:14,117
DA:39,125
LF:4
LH:4
BRDA:11,0,0,23
BRDA:20,1,0,0
BRDA:20,1,1,117
BRDA:23,2,0,94
BRDA:23,2,1,23
BRF:5
BRH:4
end_of_record
TN:
SF:src/components/spaced-title.component.tsx
FN:28,(anonymous_0)
FN:9,(anonymous_1)
FNF:2
FNH:2
FNDA:103,(anonymous_0)
FNDA:95,(anonymous_1)
DA:3,30
DA:9,30
DA:10,95
DA:28,103
LF:4
LH:4
BRDA:20,0,0,0
BRDA:20,0,1,95
BRF:2
BRH:1
end_of_record
TN:
SF:src/components/stepper.component.tsx
FN:36,(anonymous_0)
FN:24,(anonymous_2)
FNF:2
FNH:2
FNDA:17,(anonymous_0)
FNDA:48,(anonymous_2)
DA:3,30
DA:5,30
DA:25,48
DA:36,30
LF:4
LH:4
BRF:0
BRH:0
end_of_record
TN:
SF:src/components/text-field.component.tsx
FN:62,(anonymous_0)
FN:7,(anonymous_1)
FN:27,(anonymous_2)
FNF:3
FNH:3
FNDA:567,(anonymous_0)
FNDA:567,(anonymous_1)
FNDA:567,(anonymous_2)
DA:1,30
DA:3,30
DA:7,567
DA:27,30
DA:40,567
DA:41,567
DA:62,567
LF:7
LH:7
BRDA:32,0,0,85
BRDA:35,1,0,430
BRDA:36,2,0,550
BRDA:40,3,0,567
BRDA:40,3,1,0
BRDA:41,4,0,17
BRDA:41,4,1,550
BRF:7
BRH:6
end_of_record
TN:
SF:src/components/theme.ts
FN:42,(anonymous_0)
FNF:1
FNH:1
FNDA:8,(anonymous_0)
DA:1,30
DA:8,30
DA:10,30
DA:14,30
DA:42,30
LF:5
LH:5
BRF:0
BRH:0
end_of_record
TN:
SF:src/components/video-player.component.tsx
FN:24,(anonymous_0)
FNF:1
FNH:1
FNDA:4,(anonymous_0)
DA:24,30
LF:1
LH:1
BRF:0
BRH:0
end_of_record
TN:
SF:src/components/account-details/account-details.component.tsx
FN:51,(anonymous_0)
FN:13,(anonymous_1)
FNF:2
FNH:2
FNDA:56,(anonymous_0)
FNDA:19,(anonymous_1)
DA:3,30
DA:5,30
DA:7,30
DA:13,30
DA:18,19
DA:20,19
DA:51,56
LF:7
LH:7
BRDA:35,0,0,19
BRDA:35,0,1,0
BRF:2
BRH:1
end_of_record
TN:
SF:src/components/bookmark-icon-button/bookmark-icon-button.component.tsx
FN:53,(anonymous_0)
FN:17,(anonymous_1)
FNF:2
FNH:2
FNDA:7,(anonymous_0)
FNDA:7,(anonymous_1)
DA:3,30
DA:9,30
DA:17,30
DA:22,7
DA:23,7
DA:25,7
DA:53,30
LF:7
LH:7
BRDA:20,0,0,7
BRDA:22,1,0,5
BRDA:22,1,1,2
BRDA:23,2,0,5
BRDA:23,2,1,2
BRDA:44,3,0,5
BRDA:44,3,1,2
BRF:7
BRH:7
end_of_record
TN:
SF:src/components/button/button.component.tsx
FN:73,(anonymous_0)
FNF:1
FNH:1
FNDA:363,(anonymous_0)
DA:1,30
DA:3,30
DA:5,30
DA:73,363
LF:4
LH:4
BRDA:23,0,0,81
BRDA:24,1,0,128
BRDA:36,2,0,363
BRDA:36,2,1,198
BRDA:58,3,0,19
BRDA:58,3,1,344
BRF:6
BRH:6
end_of_record
TN:
SF:src/components/dialog/dialog.component.tsx
FN:85,(anonymous_0)
FN:22,(anonymous_1)
FN:29,(anonymous_2)
FN:68,(anonymous_3)
FN:71,(anonymous_4)
FNF:5
FNH:5
FNDA:14,(anonymous_0)
FNDA:14,(anonymous_1)
FNDA:2,(anonymous_2)
FNDA:12,(anonymous_3)
FNDA:2,(anonymous_4)
DA:8,30
DA:10,30
DA:22,30
DA:29,14
DA:69,12
DA:72,2
DA:73,2
DA:85,30
LF:8
LH:8
BRDA:53,0,0,1
BRDA:53,0,1,13
BRDA:59,1,0,6
BRDA:59,1,1,8
BRDA:73,2,0,1
BRF:5
BRH:5
end_of_record
TN:
SF:src/components/drawer/drawer.component.tsx
FN:194,(anonymous_0)
FN:33,(anonymous_1)
FN:52,(anonymous_2)
FN:52,(anonymous_3)
FN:54,(anonymous_4)
FN:59,(anonymous_5)
FN:180,(anonymous_6)
FNF:7
FNH:6
FNDA:15,(anonymous_0)
FNDA:15,(anonymous_1)
FNDA:3,(anonymous_2)
FNDA:0,(anonymous_3)
FNDA:1,(anonymous_4)
FNDA:2,(anonymous_5)
FNDA:75,(anonymous_6)
DA:3,30
DA:5,30
DA:24,30
DA:26,30
DA:33,30
DA:34,15
DA:38,15
DA:40,15
DA:52,15
DA:54,15
DA:55,1
DA:56,1
DA:59,15
DA:60,2
DA:61,2
DA:181,75
DA:194,30
LF:17
LH:17
BRDA:103,0,0,3
BRDA:103,0,1,12
BRDA:107,1,0,12
BRDA:107,1,1,3
BRF:4
BRH:4
end_of_record
TN:
SF:src/components/forms/form-fields.tsx
FN:108,(anonymous_1)
FN:108,(anonymous_2)
FN:108,(anonymous_3)
FN:108,(anonymous_4)
FN:68,(anonymous_8)
FN:93,(anonymous_9)
FNF:6
FNH:4
FNDA:68,(anonymous_1)
FNDA:137,(anonymous_2)
FNDA:0,(anonymous_3)
FNDA:345,(anonymous_4)
FNDA:345,(anonymous_8)
FNDA:0,(anonymous_9)
DA:1,30
DA:3,30
DA:12,30
DA:68,30
DA:74,345
DA:78,345
DA:93,0
DA:108,345
LF:8
LH:7
BRDA:83,0,0,0
BRDA:83,0,1,345
BRDA:95,1,0,0
BRDA:95,1,1,345
BRF:4
BRH:2
end_of_record
TN:
SF:src/components/forms/index.ts
FN:17,(anonymous_1)
FN:18,(anonymous_2)
FN:19,(anonymous_3)
FN:20,(anonymous_4)
FN:21,(anonymous_5)
FN:22,(anonymous_6)
FN:23,(anonymous_7)
FN:24,(anonymous_8)
FNF:8
FNH:8
FNDA:11,(anonymous_1)
FNDA:11,(anonymous_2)
FNDA:7,(anonymous_3)
FNDA:54,(anonymous_4)
FNDA:7,(anonymous_5)
FNDA:54,(anonymous_6)
FNDA:54,(anonymous_7)
FNDA:251,(anonymous_8)
DA:2,30
DA:3,30
DA:4,30
DA:5,30
DA:6,30
DA:7,30
DA:8,30
DA:11,30
DA:14,30
DA:17,11
DA:18,11
DA:19,7
DA:20,54
DA:21,7
DA:22,54
DA:23,54
DA:24,251
LF:17
LH:17
BRF:0
BRH:0
end_of_record
TN:
SF:src/components/forms/delete-form/delete-form.component.tsx
FN:119,(anonymous_0)
FN:26,(anonymous_4)
FN:48,(anonymous_5)
FN:63,(anonymous_6)
FNF:4
FNH:4
FNDA:59,(anonymous_0)
FNDA:24,(anonymous_4)
FNDA:4,(anonymous_5)
FNDA:6,(anonymous_6)
DA:1,30
DA:3,30
DA:5,30
DA:7,30
DA:9,30
DA:11,30
DA:13,30
DA:17,30
DA:26,30
DA:34,24
DA:42,24
DA:44,24
DA:50,4
DA:51,4
DA:63,6
DA:119,59
LF:16
LH:16
BRDA:44,0,0,24
BRDA:44,0,1,16
BRDA:66,1,0,6
BRDA:66,1,1,18
BRF:4
BRH:4
end_of_record
TN:
SF:src/components/forms/form-wrapper/form-wrapper.component.tsx
FN:26,(anonymous_0)
FN:17,(anonymous_2)
FNF:2
FNH:2
FNDA:253,(anonymous_0)
FNDA:45,(anonymous_2)
DA:3,31
DA:18,45
DA:19,45
DA:26,253
LF:4
LH:4
BRF:0
BRH:0
end_of_record
TN:
SF:src/components/forms/login-form/login-form.component.tsx
FN:93,(anonymous_0)
FN:40,(anonymous_4)
FN:58,(anonymous_5)
FNF:3
FNH:3
FNDA:16,(anonymous_0)
FNDA:29,(anonymous_4)
FNDA:4,(anonymous_5)
DA:3,30
DA:5,30
DA:7,30
DA:9,30
DA:18,30
DA:24,30
DA:28,30
DA:40,30
DA:45,29
DA:54,29
DA:58,4
DA:93,30
LF:12
LH:12
BRDA:54,0,0,29
BRDA:54,0,1,16
BRF:2
BRH:2
end_of_record
TN:
SF:src/components/forms/register-form/register-form.component.tsx
FN:127,(anonymous_0)
FN:54,(anonymous_4)
FN:86,(anonymous_5)
FNF:3
FNH:3
FNDA:21,(anonymous_0)
FNDA:68,(anonymous_4)
FNDA:7,(anonymous_5)
DA:3,30
DA:5,30
DA:7,30
DA:9,30
DA:19,30
DA:29,30
DA:33,30
DA:54,30
DA:65,68
DA:76,68
DA:86,7
DA:127,30
LF:12
LH:12
BRDA:76,0,0,68
BRDA:76,0,1,52
BRDA:104,1,0,68
BRDA:104,1,1,64
BRF:4
BRH:4
end_of_record
TN:
SF:src/components/forms/reset-password-form/reset-password-form.component.tsx
FN:65,(anonymous_0)
FN:30,(anonymous_4)
FN:51,(anonymous_5)
FNF:3
FNH:3
FNDA:12,(anonymous_0)
FNDA:23,(anonymous_4)
FNDA:4,(anonymous_5)
DA:3,30
DA:5,30
DA:7,30
DA:9,30
DA:14,30
DA:16,30
DA:30,30
DA:39,23
DA:47,23
DA:51,4
DA:65,30
LF:11
LH:11
BRDA:47,0,0,23
BRDA:47,0,1,14
BRDA:56,1,0,23
BRDA:56,1,1,19
BRF:4
BRH:4
end_of_record
TN:
SF:src/components/forms/subscribe-form/subscribe-form.component.tsx
FN:39,(anonymous_0)
FN:18,(anonymous_1)
FN:30,(anonymous_2)
FNF:3
FNH:3
FNDA:14,(anonymous_0)
FNDA:14,(anonymous_1)
FNDA:4,(anonymous_2)
DA:7,30
DA:9,30
DA:18,30
DA:22,14
DA:23,14
DA:25,14
DA:27,14
DA:30,4
DA:39,30
LF:9
LH:9
BRDA:25,0,0,14
BRDA:25,0,1,14
BRDA:27,1,0,0
BRF:3
BRH:2
end_of_record
TN:
SF:src/components/forms/update-password-form/update-password-form.component.tsx
FN:85,(anonymous_0)
FN:36,(anonymous_4)
FN:58,(anonymous_5)
FNF:3
FNH:3
FNDA:61,(anonymous_0)
FNDA:52,(anonymous_4)
FNDA:5,(anonymous_5)
DA:3,30
DA:5,30
DA:7,30
DA:9,30
DA:17,30
DA:21,30
DA:36,30
DA:44,52
DA:54,52
DA:58,5
DA:85,61
LF:11
LH:11
BRDA:54,0,0,52
BRDA:54,0,1,41
BRF:2
BRH:2
end_of_record
TN:
SF:src/components/forms/update-subscription-form/update-subscription-form.component.tsx
FN:86,(anonymous_0)
FNF:1
FNH:1
FNDA:64,(anonymous_0)
DA:3,30
DA:5,30
DA:7,30
DA:9,30
DA:18,30
DA:86,64
LF:6
LH:6
BRDA:59,0,0,12
BRDA:59,0,1,19
BRDA:64,1,0,7
BRDA:64,1,1,24
BRDA:71,2,0,12
BRDA:71,2,1,12
BRF:6
BRH:6
end_of_record
TN:
SF:src/components/icon-button/icon-button.component.tsx
FN:29,(anonymous_0)
FNF:1
FNH:1
FNDA:455,(anonymous_0)
DA:1,31
DA:3,31
DA:29,455
LF:3
LH:3
BRDA:13,0,0,347
BRF:1
BRH:1
end_of_record
TN:
SF:src/components/link-button/link-button.component.tsx
FN:35,(anonymous_0)
FNF:1
FNH:1
FNDA:176,(anonymous_0)
DA:3,31
DA:35,176
LF:2
LH:2
BRDA:13,0,0,133
BRDA:19,1,0,176
BRDA:19,1,1,159
BRDA:26,2,0,43
BRDA:26,2,1,133
BRF:5
BRH:5
end_of_record
TN:
SF:src/components/navbar/navbar.component.tsx
FN:139,(anonymous_0)
FN:33,(anonymous_2)
FN:43,(anonymous_3)
FN:48,(anonymous_4)
FN:123,(anonymous_5)
FN:123,(anonymous_6)
FNF:6
FNH:5
FNDA:15,(anonymous_0)
FNDA:15,(anonymous_2)
FNDA:1,(anonymous_3)
FNDA:1,(anonymous_4)
FNDA:2,(anonymous_5)
FNDA:0,(anonymous_6)
DA:3,30
DA:4,30
DA:6,30
DA:15,30
DA:19,30
DA:24,30
DA:26,30
DA:33,30
DA:37,15
DA:39,15
DA:41,15
DA:43,15
DA:44,1
DA:45,1
DA:48,15
DA:49,1
DA:50,1
DA:123,2
DA:139,30
LF:19
LH:19
BRDA:44,0,0,0
BRDA:80,1,0,0
BRDA:80,1,1,15
BRDA:97,2,0,0
BRDA:97,2,1,15
BRDA:102,3,0,15
BRDA:102,3,1,15
BRDA:105,4,0,7
BRDA:105,4,1,8
BRDA:125,5,0,1
BRDA:125,5,1,14
BRF:11
BRH:8
end_of_record
TN:
SF:src/components/select/select.component.tsx
FN:54,(anonymous_0)
FN:13,(anonymous_1)
FN:25,(anonymous_2)
FN:40,(anonymous_3)
FN:44,(anonymous_4)
FNF:5
FNH:5
FNDA:19,(anonymous_0)
FNDA:23,(anonymous_1)
FNDA:19,(anonymous_2)
FNDA:2,(anonymous_3)
FNDA:154,(anonymous_4)
DA:9,31
DA:13,31
DA:25,31
DA:31,19
DA:40,2
DA:45,154
DA:54,31
LF:7
LH:7
BRDA:39,0,0,19
BRDA:39,0,1,3
BRF:2
BRH:2
end_of_record
TN:
SF:src/components/sidebar-item/sidebar-item.component.tsx
FN:52,(anonymous_0)
FNF:1
FNH:1
FNDA:165,(anonymous_0)
DA:7,30
DA:52,165
LF:2
LH:2
BRDA:19,0,0,6
BRDA:23,1,0,37
BRDA:31,2,0,0
BRDA:31,2,1,67
BRF:4
BRH:3
end_of_record
TN:
SF:src/components/slider/slider.component.tsx
FN:66,(anonymous_1)
FN:245,(anonymous_2)
FN:30,(anonymous_4)
FN:79,(anonymous_6)
FN:105,(anonymous_7)
FN:118,(anonymous_8)
FN:138,(anonymous_9)
FN:141,(anonymous_10)
FN:143,(anonymous_11)
FN:145,(anonymous_12)
FN:212,(anonymous_13)
FN:215,(anonymous_14)
FNF:12
FNH:9
FNDA:1,(anonymous_1)
FNDA:86,(anonymous_2)
FNDA:58,(anonymous_4)
FNDA:1,(anonymous_6)
FNDA:86,(anonymous_7)
FNDA:86,(anonymous_8)
FNDA:4,(anonymous_9)
FNDA:0,(anonymous_10)
FNDA:0,(anonymous_11)
FNDA:0,(anonymous_12)
FNDA:58,(anonymous_13)
FNDA:4,(anonymous_14)
DA:1,30
DA:3,30
DA:11,30
DA:17,30
DA:19,30
DA:30,30
DA:31,58
DA:32,58
DA:66,1
DA:79,1
DA:105,30
DA:113,86
DA:115,86
DA:116,86
DA:118,86
DA:119,86
DA:123,86
DA:124,86
DA:125,86
DA:127,86
DA:128,86
DA:130,86
DA:131,86
DA:133,86
DA:138,86
DA:139,4
DA:141,86
DA:142,0
DA:143,0
DA:144,0
DA:145,0
DA:213,58
DA:215,4
DA:245,86
LF:34
LH:30
BRDA:34,0,0,0
BRDA:34,0,1,58
BRDA:35,1,0,0
BRDA:35,1,1,58
BRDA:53,2,0,0
BRDA:53,2,1,58
BRDA:108,3,0,76
BRDA:119,4,0,0
BRDA:123,5,0,0
BRDA:123,5,1,86
BRDA:124,6,0,0
BRDA:124,6,1,86
BRDA:125,7,0,0
BRDA:125,7,1,86
BRDA:128,8,0,0
BRDA:128,8,1,86
BRDA:130,9,0,10
BRDA:130,9,1,76
BRDA:131,10,0,10
BRDA:131,10,1,76
BRDA:134,11,0,0
BRDA:134,11,1,86
BRDA:135,12,0,0
BRDA:135,12,1,86
BRDA:142,13,0,0
BRDA:142,13,1,0
BRDA:142,14,0,0
BRDA:142,14,1,0
BRDA:144,15,0,0
BRDA:144,16,0,0
BRDA:144,16,1,0
BRDA:156,17,0,0
BRDA:156,17,1,86
BRDA:170,18,0,21
BRDA:170,18,1,65
BRDA:170,19,0,86
BRDA:170,19,1,76
BRDA:179,20,0,21
BRDA:179,20,1,0
BRDA:192,21,0,0
BRDA:192,21,1,21
BRDA:206,22,0,86
BRDA:206,22,1,0
BRF:43
BRH:22
end_of_record
TN:
SF:src/components/toast/toast.component.tsx
FN:69,(anonymous_0)
FN:17,(anonymous_1)
FN:20,(anonymous_2)
FN:36,(anonymous_3)
FN:56,(anonymous_4)
FNF:5
FNH:3
FNDA:10,(anonymous_0)
FNDA:0,(anonymous_1)
FNDA:0,(anonymous_2)
FNDA:10,(anonymous_3)
FNDA:1,(anonymous_4)
DA:9,30
DA:11,30
DA:13,30
DA:17,30
DA:18,0
DA:20,0
DA:36,30
DA:42,10
DA:47,10
DA:56,1
DA:69,30
LF:11
LH:9
BRDA:40,0,0,9
BRDA:49,1,0,0
BRDA:49,1,1,10
BRF:3
BRH:2
end_of_record
TN:
SF:src/components/video-dialog/video-dialog.component.tsx
FN:33,(anonymous_1)
FN:231,(anonymous_2)
FN:33,(anonymous_3)
FN:45,(anonymous_4)
FN:47,(anonymous_5)
FN:120,(anonymous_6)
FN:139,(anonymous_7)
FN:171,(anonymous_8)
FN:173,(anonymous_9)
FN:178,(anonymous_10)
FN:189,(anonymous_11)
FN:194,(anonymous_12)
FNF:12
FNH:7
FNDA:0,(anonymous_1)
FNDA:11,(anonymous_2)
FNDA:4,(anonymous_3)
FNDA:12,(anonymous_4)
FNDA:0,(anonymous_5)
FNDA:5,(anonymous_6)
FNDA:11,(anonymous_7)
FNDA:1,(anonymous_8)
FNDA:0,(anonymous_9)
FNDA:1,(anonymous_10)
FNDA:0,(anonymous_11)
FNDA:0,(anonymous_12)
DA:3,30
DA:7,30
DA:17,30
DA:19,30
DA:23,30
DA:33,30
DA:40,4
DA:44,4
DA:45,12
DA:47,4
DA:121,5
DA:139,30
DA:146,11
DA:147,11
DA:149,11
DA:160,11
DA:161,11
DA:165,11
DA:168,4
DA:169,4
DA:171,4
DA:173,4
DA:174,0
DA:175,0
DA:178,4
DA:179,1
DA:189,0
DA:194,0
DA:231,30
LF:29
LH:25
BRDA:149,0,0,11
BRDA:149,0,1,7
BRDA:165,1,0,7
BRDA:168,2,0,0
BRDA:168,2,1,4
BRDA:168,3,0,0
BRDA:168,3,1,4
BRDA:179,4,0,1
BRDA:179,4,1,0
BRF:9
BRH:6
end_of_record
TN:
SF:src/components/well/well.component.tsx
FN:25,(anonymous_0)
FN:7,(anonymous_1)
FNF:2
FNH:2
FNDA:22,(anonymous_0)
FNDA:22,(anonymous_1)
DA:3,31
DA:7,31
DA:12,22
DA:25,31
LF:4
LH:4
BRDA:8,0,0,21
BRDA:10,1,0,13
BRDA:12,2,0,13
BRDA:12,2,1,9
BRDA:19,3,0,22
BRDA:19,3,1,21
BRF:6
BRH:6
end_of_record
TN:
SF:src/pages/[...not-found].tsx
FN:15,(anonymous_0)
FN:18,(anonymous_2)
FNF:2
FNH:2
FNDA:2,(anonymous_0)
FNDA:1,(anonymous_2)
DA:1,1
DA:3,1
DA:5,1
DA:9,1
DA:15,1
DA:16,1
DA:18,1
DA:19,1
DA:20,1
DA:28,1
LF:10
LH:10
BRF:0
BRH:0
end_of_record
TN:
SF:src/pages/_app.tsx
FN:105,(anonymous_0)
FN:26,App
FN:32,(anonymous_6)
FN:33,(anonymous_7)
FN:39,(anonymous_8)
FN:43,(anonymous_9)
FNF:6
FNH:6
FNDA:6,(anonymous_0)
FNDA:14,App
FNDA:8,(anonymous_6)
FNDA:8,(anonymous_7)
FNDA:6,(anonymous_8)
FNDA:6,(anonymous_9)
DA:1,1
DA:3,1
DA:7,1
DA:9,1
DA:11,1
DA:20,1
DA:22,1
DA:27,14
DA:28,14
DA:30,14
DA:32,14
DA:33,8
DA:39,14
DA:42,6
DA:43,6
DA:44,6
DA:45,6
DA:105,6
LF:18
LH:18
BRDA:42,0,0,6
BRDA:45,1,0,1
BRF:2
BRH:2
end_of_record
TN:
SF:src/pages/account.tsx
FN:74,(anonymous_0)
FN:82,(anonymous_3)
FN:110,(anonymous_4)
FN:118,(anonymous_5)
FN:123,(anonymous_6)
FN:128,(anonymous_7)
FN:133,(anonymous_8)
FN:135,(anonymous_9)
FN:157,(anonymous_10)
FN:185,(anonymous_11)
FN:214,(anonymous_12)
FN:242,(anonymous_13)
FN:267,(anonymous_14)
FNF:13
FNH:12
FNDA:75,(anonymous_0)
FNDA:19,(anonymous_3)
FNDA:3,(anonymous_4)
FNDA:6,(anonymous_5)
FNDA:4,(anonymous_6)
FNDA:16,(anonymous_7)
FNDA:1,(anonymous_8)
FNDA:0,(anonymous_9)
FNDA:4,(anonymous_10)
FNDA:3,(anonymous_11)
FNDA:4,(anonymous_12)
FNDA:1,(anonymous_13)
FNDA:3,(anonymous_14)
DA:1,1
DA:3,1
DA:7,1
DA:18,1
DA:26,1
DA:39,1
DA:74,19
DA:75,56
DA:77,56
DA:78,56
DA:79,56
DA:80,56
DA:82,56
DA:83,19
DA:84,2
DA:95,2
DA:96,1
DA:106,56
DA:108,54
DA:110,54
DA:111,3
DA:112,3
DA:118,54
DA:119,6
DA:120,6
DA:123,54
DA:124,4
DA:125,4
DA:128,54
DA:129,16
DA:130,16
DA:133,54
DA:135,1
DA:136,1
DA:157,54
DA:158,4
DA:160,4
DA:161,4
DA:163,4
DA:173,4
DA:174,2
DA:175,2
DA:176,1
DA:185,54
DA:186,3
DA:188,3
DA:190,3
DA:199,3
DA:200,1
DA:201,2
DA:203,1
DA:204,1
DA:214,54
DA:215,4
DA:217,4
DA:218,4
DA:229,4
DA:230,1
DA:231,3
DA:232,2
DA:233,2
DA:234,2
DA:242,54
DA:243,1
DA:245,1
DA:248,1
DA:255,1
DA:256,1
DA:257,1
DA:258,1
DA:267,54
DA:268,3
DA:270,3
DA:271,3
DA:273,3
DA:283,3
DA:284,1
DA:285,2
DA:289,1
DA:290,1
LF:80
LH:80
BRDA:64,0,0,50
BRDA:64,0,1,150
BRDA:83,1,0,2
BRDA:95,2,0,1
BRDA:106,3,0,2
BRDA:120,4,0,6
BRDA:120,4,1,0
BRDA:129,5,0,1
BRDA:173,6,0,2
BRDA:173,6,1,2
BRDA:175,7,0,1
BRDA:199,8,0,1
BRDA:199,8,1,2
BRDA:201,9,0,1
BRDA:229,10,0,1
BRDA:229,10,1,3
BRDA:231,11,0,2
BRDA:231,12,0,3
BRDA:231,12,1,2
BRDA:255,13,0,1
BRDA:283,14,0,1
BRDA:283,14,1,2
BRDA:285,15,0,1
BRDA:299,16,0,9
BRDA:299,16,1,45
BRF:25
BRH:24
end_of_record
TN:
SF:src/pages/contact.tsx
FN:40,(anonymous_0)
FN:63,(anonymous_5)
FN:72,(anonymous_6)
FN:106,(anonymous_7)
FNF:4
FNH:4
FNDA:22,(anonymous_0)
FNDA:3,(anonymous_5)
FNDA:1,(anonymous_6)
FNDA:3,(anonymous_7)
DA:1,1
DA:3,1
DA:5,1
DA:7,1
DA:9,1
DA:19,1
DA:21,1
DA:29,1
DA:33,1
DA:40,5
DA:41,17
DA:42,17
DA:43,17
DA:49,17
DA:63,17
DA:64,3
DA:66,3
DA:73,1
DA:74,1
DA:78,3
DA:79,1
DA:80,1
DA:81,2
DA:82,1
DA:86,1
DA:88,3
DA:92,17
DA:106,3
LF:28
LH:28
BRDA:78,0,0,1
BRDA:78,0,1,2
BRDA:81,1,0,1
BRDA:92,2,0,17
BRDA:92,2,1,16
BRDA:92,2,2,11
BRDA:97,3,0,2
BRDA:97,3,1,15
BRF:8
BRH:8
end_of_record
TN:
SF:src/pages/dashboard.tsx
FN:42,(anonymous_1)
FN:112,(anonymous_2)
FN:43,(anonymous_3)
FN:57,Dashboard
FN:65,(anonymous_5)
FN:82,(anonymous_6)
FN:83,(anonymous_7)
FN:86,(anonymous_8)
FN:88,(anonymous_9)
FN:89,(anonymous_10)
FN:102,(anonymous_11)
FNF:11
FNH:9
FNDA:0,(anonymous_1)
FNDA:8,(anonymous_2)
FNDA:0,(anonymous_3)
FNDA:8,Dashboard
FNDA:8,(anonymous_5)
FNDA:49,(anonymous_6)
FNDA:98,(anonymous_7)
FNDA:7,(anonymous_8)
FNDA:13,(anonymous_9)
FNDA:14,(anonymous_10)
FNDA:49,(anonymous_11)
DA:1,1
DA:3,1
DA:7,1
DA:9,1
DA:11,1
DA:13,1
DA:24,1
DA:27,1
DA:42,1
DA:44,0
DA:45,0
DA:46,0
DA:57,8
DA:63,8
DA:65,8
DA:66,8
DA:67,1
DA:68,1
DA:77,8
DA:80,8
DA:82,7
DA:83,98
DA:85,7
DA:86,7
DA:88,13
DA:89,14
DA:103,49
LF:27
LH:24
BRDA:66,0,0,1
BRDA:77,1,0,2
BRDA:77,2,0,8
BRDA:77,2,1,7
BRDA:80,3,0,1
BRDA:86,4,0,0
BRDA:86,4,1,7
BRDA:94,5,0,1
BRDA:94,5,1,6
BRDA:97,6,0,1
BRDA:97,6,1,6
BRF:11
BRH:10
end_of_record
TN:
SF:src/pages/list.tsx
FN:30,(anonymous_1)
FN:101,(anonymous_2)
FN:31,(anonymous_3)
FN:47,List
FN:56,(anonymous_5)
FN:86,(anonymous_6)
FNF:6
FNH:4
FNDA:0,(anonymous_1)
FNDA:6,(anonymous_2)
FNDA:0,(anonymous_3)
FNDA:6,List
FNDA:6,(anonymous_5)
FNDA:6,(anonymous_6)
DA:1,1
DA:3,1
DA:5,1
DA:9,1
DA:11,1
DA:13,1
DA:24,1
DA:30,1
DA:32,0
DA:33,0
DA:34,0
DA:47,6
DA:54,6
DA:56,6
DA:57,6
DA:58,2
DA:63,2
DA:64,1
DA:71,4
DA:72,1
DA:73,1
DA:80,1
DA:84,6
DA:86,3
DA:87,6
LF:25
LH:22
BRDA:57,0,0,2
BRDA:57,0,1,4
BRDA:63,1,0,1
BRDA:71,2,0,1
BRDA:84,3,0,3
BRDA:84,4,0,6
BRDA:84,4,1,4
BRDA:92,5,0,1
BRDA:92,5,1,2
BRF:9
BRH:9
end_of_record
TN:
SF:src/pages/login.tsx
FN:30,(anonymous_0)
FN:36,(anonymous_2)
FN:49,(anonymous_3)
FN:64,(anonymous_4)
FNF:4
FNH:4
FNDA:13,(anonymous_0)
FNDA:5,(anonymous_2)
FNDA:3,(anonymous_3)
FNDA:1,(anonymous_4)
DA:1,1
DA:3,1
DA:11,1
DA:13,1
DA:23,1
DA:30,5
DA:31,8
DA:33,8
DA:34,8
DA:36,8
DA:37,5
DA:38,1
DA:42,8
DA:49,7
DA:53,3
DA:54,3
DA:56,3
DA:58,3
DA:65,1
DA:66,1
DA:70,3
DA:71,1
DA:72,1
DA:73,2
DA:74,1
DA:80,1
DA:83,3
LF:27
LH:27
BRDA:37,0,0,1
BRDA:42,1,0,1
BRDA:70,2,0,1
BRDA:70,2,1,2
BRDA:73,3,0,1
BRDA:89,4,0,1
BRDA:89,4,1,6
BRF:7
BRH:7
end_of_record
TN:
SF:src/pages/reactivation-success.tsx
FN:24,(anonymous_1)
FN:95,(anonymous_2)
FN:24,(anonymous_3)
FN:41,ReactivationSuccess
FN:49,(anonymous_5)
FN:60,(anonymous_6)
FN:91,(anonymous_7)
FNF:7
FNH:5
FNDA:0,(anonymous_1)
FNDA:2,(anonymous_2)
FNDA:0,(anonymous_3)
FNDA:3,ReactivationSuccess
FNDA:2,(anonymous_5)
FNDA:1,(anonymous_6)
FNDA:1,(anonymous_7)
DA:1,1
DA:3,1
DA:7,1
DA:9,1
DA:11,1
DA:16,1
DA:24,1
DA:29,0
DA:30,0
DA:41,2
DA:46,3
DA:47,3
DA:49,3
DA:51,2
DA:52,1
DA:58,1
DA:59,1
DA:60,1
DA:61,1
DA:66,1
DA:67,1
DA:68,0
DA:69,0
DA:75,3
DA:91,1
LF:25
LH:21
BRDA:51,0,0,1
BRDA:51,0,1,1
BRDA:59,1,0,1
BRDA:66,2,0,1
BRDA:66,2,1,0
BRDA:68,3,0,0
BRDA:75,4,0,2
BRDA:75,5,0,3
BRDA:75,5,1,2
BRF:9
BRH:7
end_of_record
TN:
SF:src/pages/register.tsx
FN:42,(anonymous_0)
FN:50,(anonymous_3)
FN:58,(anonymous_4)
FN:63,(anonymous_5)
FN:71,(anonymous_6)
FN:76,(anonymous_7)
FN:86,(anonymous_8)
FN:113,(anonymous_9)
FNF:8
FNH:8
FNDA:23,(anonymous_0)
FNDA:7,(anonymous_3)
FNDA:2,(anonymous_4)
FNDA:3,(anonymous_5)
FNDA:2,(anonymous_6)
FNDA:1,(anonymous_7)
FNDA:5,(anonymous_8)
FNDA:1,(anonymous_9)
DA:1,1
DA:3,1
DA:7,1
DA:17,1
DA:19,1
DA:21,1
DA:35,1
DA:42,7
DA:43,16
DA:45,16
DA:46,16
DA:47,16
DA:48,16
DA:50,16
DA:51,7
DA:52,1
DA:56,16
DA:58,15
DA:59,2
DA:60,2
DA:63,15
DA:64,3
DA:65,3
DA:71,15
DA:72,2
DA:73,2
DA:76,15
DA:77,1
DA:78,1
DA:86,15
DA:87,5
DA:89,5
DA:91,5
DA:101,5
DA:102,1
DA:103,4
DA:104,3
DA:105,3
DA:113,15
DA:114,1
DA:117,1
DA:124,1
DA:125,1
DA:126,1
DA:127,1
LF:45
LH:45
BRDA:51,0,0,1
BRDA:56,1,0,1
BRDA:59,2,0,2
BRDA:73,3,0,2
BRDA:73,3,1,0
BRDA:101,4,0,1
BRDA:101,4,1,4
BRDA:103,5,0,3
BRDA:124,6,0,1
BRDA:134,7,0,5
BRDA:134,7,1,10
BRDA:136,8,0,11
BRDA:136,8,1,4
BRDA:145,9,0,4
BRDA:145,9,1,11
BRDA:145,10,0,15
BRDA:145,10,1,4
BRF:17
BRH:16
end_of_record
TN:
SF:src/pages/registration-success.tsx
FN:26,(anonymous_1)
FN:89,(anonymous_2)
FN:26,(anonymous_3)
FN:44,RegistrationSuccess
FN:50,(anonymous_5)
FN:85,(anonymous_6)
FNF:6
FNH:4
FNDA:0,(anonymous_1)
FNDA:3,(anonymous_2)
FNDA:0,(anonymous_3)
FNDA:3,RegistrationSuccess
FNDA:3,(anonymous_5)
FNDA:1,(anonymous_6)
DA:1,1
DA:3,1
DA:7,1
DA:16,1
DA:20,1
DA:26,1
DA:33,0
DA:34,0
DA:44,3
DA:48,3
DA:50,3
DA:51,3
DA:52,1
DA:53,1
DA:62,3
DA:85,1
LF:16
LH:14
BRDA:51,0,0,1
BRDA:62,1,0,1
BRF:2
BRH:2
end_of_record
TN:
SF:src/pages/reset-password.tsx
FN:29,(anonymous_0)
FN:38,(anonymous_2)
FN:52,(anonymous_3)
FN:62,(anonymous_4)
FN:74,(anonymous_5)
FNF:5
FNH:5
FNDA:13,(anonymous_0)
FNDA:5,(anonymous_2)
FNDA:2,(anonymous_3)
FNDA:3,(anonymous_4)
FNDA:1,(anonymous_5)
DA:1,1
DA:3,1
DA:11,1
DA:13,1
DA:15,1
DA:29,5
DA:33,8
DA:34,8
DA:35,8
DA:36,8
DA:38,8
DA:39,5
DA:40,1
DA:41,1
DA:50,8
DA:52,7
DA:53,2
DA:54,2
DA:62,7
DA:65,3
DA:67,3
DA:69,3
DA:75,1
DA:76,1
DA:80,3
DA:81,1
DA:82,1
DA:83,2
DA:84,1
DA:88,1
LF:30
LH:30
BRDA:39,0,0,1
BRDA:50,1,0,1
BRDA:80,2,0,1
BRDA:80,2,1,2
BRDA:83,3,0,1
BRDA:95,4,0,2
BRDA:95,4,1,5
BRF:7
BRH:7
end_of_record
TN:
SF:src/pages/api/contact.ts
FN:96,(anonymous_0)
FN:21,contact
FN:49,(anonymous_3)
FNF:3
FNH:3
FNDA:3,(anonymous_0)
FNDA:3,contact
FNDA:5,(anonymous_3)
DA:3,1
DA:11,1
DA:19,1
DA:25,3
DA:26,1
DA:28,2
DA:29,2
DA:30,2
DA:32,2
DA:34,1
DA:43,1
DA:48,1
DA:50,5
DA:54,1
DA:69,1
DA:71,1
DA:79,1
DA:86,1
DA:88,1
DA:90,1
DA:91,1
DA:96,3
LF:22
LH:22
BRDA:25,0,0,1
BRDA:25,0,1,2
BRDA:34,1,0,1
BRDA:34,1,1,0
BRDA:58,2,0,1
BRDA:58,2,1,0
BRF:6
BRH:4
end_of_record
TN:
SF:src/pages/api/last-watched.ts
FN:59,(anonymous_0)
FN:23,lastWatched
FNF:2
FNH:2
FNDA:5,(anonymous_0)
FNDA:5,lastWatched
DA:3,1
DA:12,1
DA:19,1
DA:27,5
DA:28,1
DA:29,4
DA:30,1
DA:32,3
DA:33,3
DA:34,3
DA:36,3
DA:40,2
DA:41,1
DA:46,1
DA:48,1
DA:49,1
DA:51,1
DA:53,1
DA:54,1
DA:59,5
LF:20
LH:20
BRDA:27,0,0,1
BRDA:27,0,1,4
BRDA:29,1,0,1
BRDA:29,1,1,3
BRDA:40,2,0,1
BRF:5
BRH:5
end_of_record
TN:
SF:src/pages/api/update-bookmarks.ts
FN:60,(anonymous_0)
FN:23,updateBookmarks
FNF:2
FNH:2
FNDA:5,(anonymous_0)
FNDA:5,updateBookmarks
DA:3,1
DA:12,1
DA:19,1
DA:27,5
DA:28,1
DA:29,4
DA:30,1
DA:32,3
DA:33,3
DA:34,3
DA:36,3
DA:40,2
DA:41,1
DA:46,1
DA:49,1
DA:50,1
DA:52,1
DA:54,1
DA:55,1
DA:60,5
LF:20
LH:20
BRDA:27,0,0,1
BRDA:27,0,1,4
BRDA:29,1,0,1
BRDA:29,1,1,3
BRDA:40,2,0,1
BRF:5
BRH:5
end_of_record
TN:
SF:src/pages/api/auth/authenticate-session.ts
FN:137,(anonymous_0)
FN:33,authenticateSession
FN:100,(anonymous_2)
FNF:3
FNH:2
FNDA:6,(anonymous_0)
FNDA:6,authenticateSession
FNDA:0,(anonymous_2)
DA:3,1
DA:13,1
DA:21,1
DA:37,6
DA:38,1
DA:40,5
DA:41,5
DA:42,5
DA:45,5
DA:46,1
DA:53,4
DA:61,4
DA:68,0
DA:69,0
DA:72,0
DA:81,0
DA:82,0
DA:83,0
DA:90,0
DA:93,0
DA:94,0
DA:100,0
DA:102,0
DA:104,0
DA:111,0
DA:121,0
DA:127,0
DA:129,0
DA:131,4
DA:132,4
DA:137,6
LF:31
LH:15
BRDA:37,0,0,1
BRDA:37,0,1,5
BRDA:45,1,0,1
BRDA:68,2,0,0
BRDA:81,3,0,0
BRDA:93,4,0,0
BRDA:100,5,0,0
BRF:7
BRH:3
end_of_record
TN:
SF:src/pages/api/auth/delete.ts
FN:83,(anonymous_0)
FN:33,deleteAccount
FNF:2
FNH:2
FNDA:6,(anonymous_0)
FNDA:6,deleteAccount
DA:3,1
DA:5,1
DA:7,1
DA:16,1
DA:25,1
DA:29,1
DA:37,6
DA:38,1
DA:39,5
DA:40,1
DA:42,4
DA:47,4
DA:49,4
DA:50,4
DA:52,3
DA:53,1
DA:60,2
DA:61,2
DA:63,2
DA:64,1
DA:70,1
DA:72,1
DA:73,1
DA:75,1
DA:77,1
DA:78,1
DA:83,6
LF:27
LH:27
BRDA:37,0,0,1
BRDA:37,0,1,5
BRDA:39,1,0,1
BRDA:39,1,1,4
BRDA:52,2,0,1
BRDA:63,3,0,1
BRF:6
BRH:6
end_of_record
TN:
SF:src/pages/api/auth/login.ts
FN:135,(anonymous_0)
FN:39,login
FNF:2
FNH:2
FNDA:6,(anonymous_0)
FNDA:6,login
DA:3,1
DA:5,1
DA:7,1
DA:9,1
DA:19,1
DA:27,1
DA:40,6
DA:41,1
DA:43,5
DA:44,5
DA:45,5
DA:47,5
DA:49,4
DA:50,1
DA:63,3
DA:65,3
DA:67,3
DA:68,1
DA:78,2
DA:85,2
DA:86,1
DA:93,1
DA:94,1
DA:99,1
DA:104,1
DA:108,1
DA:119,1
DA:125,1
DA:127,1
DA:129,1
DA:130,1
DA:135,6
LF:32
LH:32
BRDA:40,0,0,1
BRDA:40,0,1,5
BRDA:49,1,0,1
BRDA:67,2,0,1
BRDA:85,3,0,1
BRF:5
BRH:5
end_of_record
TN:
SF:src/pages/api/auth/logout.ts
FN:51,(anonymous_0)
FN:22,logout
FNF:2
FNH:2
FNDA:4,(anonymous_0)
FNDA:4,logout
DA:3,1
DA:12,1
DA:18,1
DA:26,4
DA:27,1
DA:28,3
DA:29,1
DA:31,2
DA:32,2
DA:33,2
DA:36,2
DA:41,1
DA:43,1
DA:45,1
DA:46,1
DA:51,4
LF:16
LH:16
BRDA:26,0,0,1
BRDA:26,0,1,3
BRDA:28,1,0,1
BRDA:28,1,1,2
BRF:4
BRH:4
end_of_record
TN:
SF:src/pages/api/auth/register.ts
FN:31,(anonymous_0)
FNF:1
FNH:1
FNDA:10,(anonymous_0)
DA:3,1
DA:5,1
DA:7,1
DA:15,1
DA:23,1
DA:27,1
DA:31,5
DA:35,5
DA:36,1
DA:38,4
DA:39,4
DA:40,4
DA:42,4
DA:46,3
DA:47,1
DA:52,2
DA:56,2
DA:57,1
DA:63,1
DA:73,1
DA:81,1
DA:82,1
DA:83,1
DA:85,1
DA:99,1
DA:101,1
DA:102,1
LF:27
LH:27
BRDA:35,0,0,1
BRDA:35,0,1,4
BRDA:46,1,0,1
BRDA:56,2,0,1
BRF:4
BRH:4
end_of_record
TN:
SF:src/pages/api/auth/reset-password.ts
FN:25,(anonymous_0)
FNF:1
FNH:1
FNDA:8,(anonymous_0)
DA:3,1
DA:13,1
DA:15,1
DA:21,1
DA:25,4
DA:29,4
DA:30,1
DA:32,3
DA:33,3
DA:34,3
DA:36,3
DA:38,2
DA:39,1
DA:46,1
DA:48,1
DA:63,1
DA:65,1
DA:73,1
DA:80,1
DA:82,1
DA:84,1
DA:85,1
LF:22
LH:22
BRDA:29,0,0,1
BRDA:29,0,1,3
BRDA:38,1,0,1
BRF:3
BRH:3
end_of_record
TN:
SF:src/pages/api/auth/resubscribe.ts
FN:108,(anonymous_0)
FN:30,resubscribe
FNF:2
FNH:2
FNDA:5,(anonymous_0)
FNDA:5,resubscribe
DA:3,1
DA:5,1
DA:14,1
DA:22,1
DA:26,1
DA:34,5
DA:35,1
DA:36,4
DA:37,1
DA:39,3
DA:40,3
DA:41,3
DA:46,3
DA:48,2
DA:49,1
DA:55,1
DA:65,1
DA:73,1
DA:74,1
DA:75,1
DA:77,1
DA:83,1
DA:92,1
DA:97,1
DA:98,1
DA:100,1
DA:102,1
DA:103,1
DA:108,5
LF:29
LH:29
BRDA:34,0,0,1
BRDA:34,0,1,4
BRDA:36,1,0,1
BRDA:36,1,1,3
BRDA:48,2,0,1
BRF:5
BRH:5
end_of_record
TN:
SF:src/pages/api/auth/sync-subscription-status.ts
FN:68,(anonymous_0)
FN:22,syncSubscriptionStatus
FNF:2
FNH:2
FNDA:5,(anonymous_0)
FNDA:5,syncSubscriptionStatus
DA:3,1
DA:13,1
DA:18,1
DA:26,5
DA:27,1
DA:28,4
DA:29,1
DA:31,3
DA:36,3
DA:38,3
DA:40,3
DA:47,2
DA:48,1
DA:51,1
DA:57,1
DA:58,1
DA:60,1
DA:62,1
DA:63,1
DA:68,5
LF:20
LH:20
BRDA:26,0,0,1
BRDA:26,0,1,4
BRDA:28,1,0,1
BRDA:28,1,1,3
BRDA:47,2,0,1
BRF:5
BRH:5
end_of_record
TN:
SF:src/pages/api/auth/unsubscribe.ts
FN:79,(anonymous_0)
FN:30,unsubscribe
FNF:2
FNH:2
FNDA:5,(anonymous_0)
FNDA:5,unsubscribe
DA:3,1
DA:5,1
DA:14,1
DA:22,1
DA:26,1
DA:34,5
DA:35,1
DA:36,4
DA:37,1
DA:39,3
DA:40,3
DA:41,3
DA:43,3
DA:45,2
DA:46,1
DA:51,1
DA:53,1
DA:59,1
DA:63,1
DA:68,1
DA:69,1
DA:71,1
DA:73,1
DA:74,1
DA:79,5
LF:25
LH:25
BRDA:34,0,0,1
BRDA:34,0,1,4
BRDA:36,1,0,1
BRDA:36,1,1,3
BRDA:45,2,0,1
BRF:5
BRH:5
end_of_record
TN:
SF:src/pages/api/auth/update-password.ts
FN:72,(anonymous_0)
FN:26,updatePassword
FNF:2
FNH:2
FNDA:6,(anonymous_0)
FNDA:6,updatePassword
DA:3,1
DA:5,1
DA:14,1
DA:22,1
DA:30,6
DA:31,1
DA:32,5
DA:33,1
DA:35,4
DA:36,4
DA:37,4
DA:39,4
DA:41,3
DA:42,1
DA:47,2
DA:49,2
DA:51,2
DA:52,1
DA:57,1
DA:64,1
DA:66,1
DA:67,1
DA:72,6
LF:23
LH:23
BRDA:30,0,0,1
BRDA:30,0,1,5
BRDA:32,1,0,1
BRDA:32,1,1,4
BRDA:41,2,0,1
BRDA:51,3,0,1
BRF:6
BRH:6
end_of_record
TN:
SF:src/pages/artists/index.tsx
FN:30,(anonymous_1)
FN:94,(anonymous_2)
FN:31,(anonymous_3)
FN:46,Artists
FN:53,(anonymous_5)
FN:55,(anonymous_6)
FN:70,(anonymous_7)
FN:73,(anonymous_8)
FN:75,(anonymous_9)
FNF:9
FNH:7
FNDA:0,(anonymous_1)
FNDA:9,(anonymous_2)
FNDA:0,(anonymous_3)
FNDA:9,Artists
FNDA:27,(anonymous_5)
FNDA:9,(anonymous_6)
FNDA:12,(anonymous_7)
FNDA:11,(anonymous_8)
FNDA:12,(anonymous_9)
DA:1,1
DA:5,1
DA:7,1
DA:9,1
DA:11,1
DA:13,1
DA:24,1
DA:30,1
DA:32,0
DA:33,0
DA:34,0
DA:46,9
DA:50,9
DA:52,9
DA:53,27
DA:55,9
DA:56,9
DA:57,3
DA:58,3
DA:67,9
DA:69,6
DA:70,12
DA:72,6
DA:73,11
DA:75,12
LF:25
LH:22
BRDA:56,0,0,3
BRDA:56,1,0,9
BRDA:56,1,1,8
BRDA:60,2,0,3
BRDA:60,2,1,2
BRDA:67,3,0,3
BRDA:67,4,0,9
BRDA:67,4,1,8
BRDA:84,5,0,1
BRDA:84,5,1,5
BRDA:87,6,0,1
BRDA:87,6,1,5
BRF:12
BRH:12
end_of_record
TN:
SF:src/pages/categories/index.tsx
FN:34,(anonymous_1)
FN:104,(anonymous_2)
FN:35,(anonymous_3)
FN:50,Categories
FN:58,(anonymous_5)
FN:61,(anonymous_6)
FN:75,(anonymous_7)
FN:79,(anonymous_8)
FN:81,(anonymous_9)
FNF:9
FNH:7
FNDA:0,(anonymous_1)
FNDA:9,(anonymous_2)
FNDA:0,(anonymous_3)
FNDA:9,Categories
FNDA:41,(anonymous_5)
FNDA:9,(anonymous_6)
FNDA:12,(anonymous_7)
FNDA:11,(anonymous_8)
FNDA:12,(anonymous_9)
DA:1,1
DA:5,1
DA:7,1
DA:9,1
DA:11,1
DA:13,1
DA:28,1
DA:34,1
DA:36,0
DA:37,0
DA:38,0
DA:50,9
DA:54,9
DA:56,9
DA:57,9
DA:58,41
DA:61,9
DA:62,9
DA:63,3
DA:64,3
DA:73,9
DA:75,6
DA:76,12
DA:78,6
DA:79,11
DA:81,12
LF:26
LH:23
BRDA:62,0,0,3
BRDA:62,1,0,9
BRDA:62,1,1,8
BRDA:66,2,0,3
BRDA:66,2,1,2
BRDA:73,3,0,3
BRDA:73,4,0,9
BRDA:73,4,1,8
BRDA:90,5,0,1
BRDA:90,5,1,5
BRDA:97,6,0,1
BRDA:97,6,1,5
BRF:12
BRH:12
end_of_record
TN:
SF:src/utils/constants.ts
FN:2,(anonymous_1)
FN:5,(anonymous_2)
FN:6,(anonymous_3)
FN:8,(anonymous_4)
FN:9,(anonymous_5)
FN:11,(anonymous_6)
FN:13,(anonymous_7)
FN:15,(anonymous_8)
FN:18,(anonymous_9)
FN:21,(anonymous_10)
FN:24,(anonymous_11)
FN:27,(anonymous_12)
FN:29,(anonymous_13)
FN:31,(anonymous_14)
FN:33,(anonymous_15)
FN:35,(anonymous_16)
FN:38,(anonymous_17)
FN:39,(anonymous_18)
FN:41,(anonymous_19)
FN:44,(anonymous_20)
FN:46,(anonymous_21)
FN:48,(anonymous_22)
FN:50,(anonymous_23)
FN:51,(anonymous_24)
FN:52,(anonymous_25)
FN:53,(anonymous_26)
FN:55,(anonymous_27)
FN:57,(anonymous_28)
FN:60,(anonymous_29)
FN:61,(anonymous_30)
FN:62,(anonymous_31)
FN:64,(anonymous_32)
FN:65,(anonymous_33)
FN:66,(anonymous_34)
FN:68,(anonymous_35)
FN:69,(anonymous_36)
FN:71,(anonymous_37)
FN:74,(anonymous_38)
FN:100,(anonymous_39)
FN:132,(anonymous_40)
FN:150,(anonymous_41)
FN:165,(anonymous_42)
FN:196,(anonymous_43)
FN:231,(anonymous_44)
FNF:44
FNH:40
FNDA:47,(anonymous_1)
FNDA:4,(anonymous_2)
FNDA:45,(anonymous_3)
FNDA:0,(anonymous_4)
FNDA:0,(anonymous_5)
FNDA:1,(anonymous_6)
FNDA:96,(anonymous_7)
FNDA:24,(anonymous_8)
FNDA:2,(anonymous_9)
FNDA:16,(anonymous_10)
FNDA:16,(anonymous_11)
FNDA:2,(anonymous_12)
FNDA:2,(anonymous_13)
FNDA:6,(anonymous_14)
FNDA:4,(anonymous_15)
FNDA:4,(anonymous_16)
FNDA:1,(anonymous_17)
FNDA:3,(anonymous_18)
FNDA:3,(anonymous_19)
FNDA:4,(anonymous_20)
FNDA:5,(anonymous_21)
FNDA:4,(anonymous_22)
FNDA:2,(anonymous_23)
FNDA:2,(anonymous_24)
FNDA:5,(anonymous_25)
FNDA:6,(anonymous_26)
FNDA:4,(anonymous_27)
FNDA:0,(anonymous_28)
FNDA:91,(anonymous_29)
FNDA:35,(anonymous_30)
FNDA:92,(anonymous_31)
FNDA:126,(anonymous_32)
FNDA:31,(anonymous_33)
FNDA:60,(anonymous_34)
FNDA:62,(anonymous_35)
FNDA:61,(anonymous_36)
FNDA:5,(anonymous_37)
FNDA:12,(anonymous_38)
FNDA:129,(anonymous_39)
FNDA:86,(anonymous_40)
FNDA:13,(anonymous_41)
FNDA:31,(anonymous_42)
FNDA:0,(anonymous_43)
FNDA:24,(anonymous_44)
DA:2,57
DA:5,57
DA:6,57
DA:8,57
DA:9,57
DA:11,57
DA:13,96
DA:15,24
DA:16,57
DA:18,2
DA:19,57
DA:21,16
DA:22,57
DA:24,16
DA:25,57
DA:27,57
DA:29,57
DA:31,57
DA:33,57
DA:35,4
DA:36,57
DA:38,57
DA:39,57
DA:41,3
DA:42,57
DA:44,4
DA:45,57
DA:46,5
DA:47,57
DA:48,4
DA:49,57
DA:50,57
DA:51,57
DA:52,57
DA:53,6
DA:54,57
DA:55,4
DA:56,57
DA:57,57
DA:60,91
DA:61,57
DA:62,92
DA:63,57
DA:64,126
DA:65,57
DA:66,60
DA:67,57
DA:68,62
DA:69,61
DA:70,57
DA:71,57
DA:74,57
DA:84,57
DA:89,57
DA:100,129
DA:132,86
DA:150,57
DA:165,57
DA:196,57
DA:231,57
LF:60
LH:60
BRF:0
BRH:0
end_of_record
TN:
SF:src/utils/get-stripe.ts
FN:14,(anonymous_0)
FN:5,(anonymous_1)
FNF:2
FNH:2
FNDA:4,(anonymous_0)
FNDA:4,(anonymous_1)
DA:1,28
DA:3,28
DA:5,28
DA:6,4
DA:7,1
DA:11,4
DA:14,28
LF:7
LH:7
BRDA:6,0,0,1
BRF:1
BRH:1
end_of_record
TN:
SF:src/utils/index.ts
FN:13,(anonymous_1)
FN:14,(anonymous_2)
FN:15,(anonymous_3)
FN:16,(anonymous_4)
FN:17,(anonymous_5)
FN:18,(anonymous_6)
FN:19,(anonymous_7)
FN:20,(anonymous_8)
FN:21,(anonymous_9)
FN:22,(anonymous_10)
FN:23,(anonymous_11)
FNF:11
FNH:9
FNDA:54,(anonymous_1)
FNDA:2,(anonymous_2)
FNDA:197,(anonymous_3)
FNDA:157,(anonymous_4)
FNDA:5,(anonymous_5)
FNDA:0,(anonymous_6)
FNDA:12,(anonymous_7)
FNDA:4,(anonymous_8)
FNDA:0,(anonymous_9)
FNDA:2,(anonymous_10)
FNDA:19,(anonymous_11)
DA:1,42
DA:2,42
DA:3,42
DA:4,42
DA:5,42
DA:6,42
DA:7,42
DA:8,42
DA:9,42
DA:10,42
DA:13,54
DA:14,2
DA:15,197
DA:16,157
DA:17,5
DA:18,0
DA:19,12
DA:20,4
DA:21,0
DA:22,2
DA:23,19
LF:21
LH:19
BRF:0
BRH:0
end_of_record
TN:
SF:src/utils/test-utils.tsx
FN:38,(anonymous_1)
FN:39,(anonymous_2)
FN:18,(anonymous_7)
FN:20,(anonymous_8)
FN:20,(anonymous_9)
FN:25,(anonymous_10)
FN:25,(anonymous_11)
FNF:7
FNH:6
FNDA:193,(anonymous_1)
FNDA:189,(anonymous_2)
FNDA:189,(anonymous_7)
FNDA:1,(anonymous_8)
FNDA:6,(anonymous_9)
FNDA:36,(anonymous_10)
FNDA:0,(anonymous_11)
DA:3,39
DA:5,39
DA:7,39
DA:18,39
DA:23,189
DA:25,36
DA:33,189
DA:34,189
DA:38,193
DA:39,189
LF:10
LH:10
BRDA:20,0,0,110
BRDA:20,1,0,158
BRDA:20,2,0,177
BRDA:20,3,0,149
BRDA:20,4,0,174
BRF:5
BRH:5
end_of_record
TN:
SF:src/utils/authenticate-session/authenticate-session.ts
FN:15,(anonymous_0)
FN:21,(anonymous_2)
FNF:2
FNH:2
FNDA:24,(anonymous_0)
FNDA:1,(anonymous_2)
DA:1,42
DA:15,12
DA:18,12
DA:22,1
DA:24,12
DA:25,3
DA:26,3
DA:33,9
DA:34,7
DA:36,12
LF:10
LH:10
BRDA:24,0,0,3
BRDA:24,0,1,9
BRDA:33,1,0,7
BRDA:33,2,0,9
BRDA:33,2,1,3
BRF:5
BRH:5
end_of_record
TN:
SF:src/utils/format-date/format-date.ts
FN:3,(anonymous_0)
FNF:1
FNH:1
FNDA:40,(anonymous_0)
DA:1,43
DA:3,20
DA:4,20
LF:3
LH:3
BRF:0
BRH:0
end_of_record
TN:
SF:src/utils/generate-temp-password/generate-temp-password.ts
FN:3,(anonymous_0)
FN:6,(anonymous_2)
FNF:2
FNH:2
FNDA:4,(anonymous_0)
FNDA:12,(anonymous_2)
DA:1,42
DA:3,2
DA:4,2
DA:6,12
LF:4
LH:4
BRF:0
BRH:0
end_of_record
TN:
SF:src/utils/http/http.ts
FN:19,(anonymous_0)
FNF:1
FNH:1
FNDA:124,(anonymous_0)
DA:1,43
DA:5,43
DA:19,62
DA:25,62
DA:26,62
DA:28,62
DA:41,49
DA:43,13
DA:45,13
LF:9
LH:9
BRDA:22,0,0,50
BRDA:26,1,0,42
BRDA:26,1,1,20
BRF:3
BRH:3
end_of_record
TN:
SF:src/utils/logout/logout.ts
FN:18,(anonymous_0)
FNF:1
FNH:1
FNDA:10,(anonymous_0)
DA:1,42
DA:5,42
DA:18,5
DA:23,5
DA:24,5
DA:29,5
DA:30,2
DA:31,2
DA:37,3
DA:38,2
DA:44,2
LF:11
LH:11
BRDA:29,0,0,2
BRDA:29,0,1,3
BRDA:37,1,0,2
BRF:3
BRH:3
end_of_record
TN:
SF:src/utils/sync-subscription-status/sync-subscription-status.ts
FN:21,(anonymous_0)
FNF:1
FNH:1
FNDA:8,(anonymous_0)
DA:1,42
DA:21,4
DA:25,4
DA:26,4
DA:28,4
DA:37,4
DA:38,1
DA:39,1
DA:45,3
DA:46,2
DA:47,2
DA:49,4
LF:12
LH:12
BRDA:37,0,0,1
BRDA:37,0,1,3
BRDA:45,1,0,2
BRF:3
BRH:3
end_of_record
TN:
SF:src/utils/update-bookmarks/update-bookmarks.ts
FN:23,(anonymous_0)
FN:32,(anonymous_2)
FNF:2
FNH:2
FNDA:10,(anonymous_0)
FNDA:4,(anonymous_2)
DA:1,42
DA:6,42
DA:23,5
DA:28,5
DA:29,5
DA:31,5
DA:32,4
DA:35,5
DA:44,5
DA:45,1
DA:46,1
DA:52,4
DA:53,3
LF:13
LH:13
BRDA:31,0,0,3
BRDA:31,0,1,2
BRDA:44,1,0,1
BRDA:44,1,1,4
BRDA:52,2,0,3
BRDA:56,3,0,2
BRDA:56,3,1,1
BRF:7
BRH:7
end_of_record
TN:
SF:src/utils/update-last-watched/update-last-watched.ts
FN:16,(anonymous_0)
FNF:1
FNH:0
FNDA:0,(anonymous_0)
DA:1,42
DA:16,0
DA:21,0
DA:22,0
DA:31,0
DA:34,0
DA:35,0
DA:36,0
LF:8
LH:1
BRDA:21,0,0,0
BRDA:31,1,0,0
BRDA:31,1,1,0
BRDA:35,2,0,0
BRF:4
BRH:0
end_of_record
TN:
SF:src/utils/use-ctx/use-ctx.ts
FN:5,(anonymous_1)
FN:8,(anonymous_2)
FN:6,(anonymous_3)
FNF:3
FNH:3
FNDA:197,(anonymous_1)
FNDA:158,(anonymous_2)
FNDA:158,(anonymous_3)
DA:1,42
DA:5,197
DA:6,158
DA:8,158
LF:4
LH:4
BRF:0
BRH:0
end_of_record
